[0712/141042.902:ERROR:process_reader_win.cc(151)] SuspendThread: Отказано в доступе. (0x5)
[0712/141042.903:ERROR:process_reader_win.cc(151)] SuspendThread: Отказано в доступе. (0x5)
[0712/141042.903:ERROR:process_reader_win.cc(151)] SuspendThread: Отказано в доступе. (0x5)
[0712/141042.903:ERROR:exception_snapshot_win.cc(98)] thread ID 8944 not found in process
[0717/010314.163:ERROR:process_memory_win.cc(73)] ReadMemory at 0x1feb7962dc0 of 6656 bytes failed: Запрос ReadProcessMemory или WriteProcessMemory был выполнен только частично. (0x12B)
[0717/010314.165:ERROR:process_snapshot_win.cc(322)] failed to read unloaded module data
[0717/010314.172:ERROR:process_memory_win.cc(73)] ReadMemory at 0x1feb9470000 of 64 bytes failed: Запрос ReadProcessMemory или WriteProcessMemory был выполнен только частично. (0x12B)
[0717/010314.173:WARNING:pe_image_reader.cc(340)] could not read dos header from C:\Windows\System32\SHELL32.dll
[0717/010314.173:ERROR:process_memory_win.cc(73)] ReadMemory at 0x7ff6da230000 of 64 bytes failed: Запрос ReadProcessMemory или WriteProcessMemory был выполнен только частично. (0x12B)
[0717/010314.173:WARNING:pe_image_reader.cc(340)] could not read dos header from C:\Program Files (x86)\Google\Chrome\Application\chrome.exe
[0717/010314.174:ERROR:process_memory_win.cc(73)] ReadMemory at 0x7ff6da230000 of 64 bytes failed: Запрос ReadProcessMemory или WriteProcessMemory был выполнен только частично. (0x12B)
[0717/010314.174:WARNING:pe_image_reader.cc(340)] could not read dos header from C:\Program Files (x86)\Google\Chrome\Application\chrome.exe
[0717/010314.174:ERROR:process_memory_win.cc(73)] ReadMemory at 0x1feb7ba3d50 of 72 bytes failed: Запрос ReadProcessMemory или WriteProcessMemory был выполнен только частично. (0x12B)
[0717/010314.174:WARNING:pe_image_annotations_reader.cc(134)] could not read annotations list object in C:\Program Files (x86)\Google\Chrome\Application\83.0.4103.116\chrome_elf.dll
[0717/010314.175:ERROR:process_memory_win.cc(73)] ReadMemory at 0x7ffc1a180000 of 64 bytes failed: Запрос ReadProcessMemory или WriteProcessMemory был выполнен только частично. (0x12B)
[0717/010314.175:WARNING:pe_image_reader.cc(340)] could not read dos header from C:\Program Files (x86)\Google\Chrome\Application\83.0.4103.116\chrome.dll
[0717/010314.175:ERROR:process_memory_win.cc(73)] ReadMemory at 0x7ffc1a180000 of 64 bytes failed: Запрос ReadProcessMemory или WriteProcessMemory был выполнен только частично. (0x12B)
[0717/010314.175:WARNING:pe_image_reader.cc(340)] could not read dos header from C:\Program Files (x86)\Google\Chrome\Application\83.0.4103.116\chrome.dll
[0717/010314.175:ERROR:process_memory_win.cc(73)] ReadMemory at 0x7ffc5ce30240 of 40 bytes failed: Запрос ReadProcessMemory или WriteProcessMemory был выполнен только частично. (0x12B)
[0717/010314.175:WARNING:pe_image_reader.cc(392)] could not read section 2 from C:\Windows\System32\MSASN1.dll
[0717/010314.175:ERROR:process_memory_win.cc(73)] ReadMemory at 0x7ffc5ce30000 of 64 bytes failed: Запрос ReadProcessMemory или WriteProcessMemory был выполнен только частично. (0x12B)
[0717/010314.175:WARNING:pe_image_reader.cc(340)] could not read dos header from C:\Windows\System32\MSASN1.dll
[0717/010314.175:ERROR:process_memory_win.cc(73)] ReadMemory at 0x7ffc5d0f0000 of 64 bytes failed: Запрос ReadProcessMemory или WriteProcessMemory был выполнен только частично. (0x12B)
[0717/010314.175:WARNING:pe_image_reader.cc(340)] could not read dos header from C:\Windows\System32\CRYPT32.dll
[0717/010314.175:ERROR:process_memory_win.cc(73)] ReadMemory at 0x7ffc5d0f0000 of 64 bytes failed: Запрос ReadProcessMemory или WriteProcessMemory был выполнен только частично. (0x12B)
[0717/010314.175:WARNING:pe_image_reader.cc(340)] could not read dos header from C:\Windows\System32\CRYPT32.dll
[0717/010314.175:ERROR:process_memory_win.cc(73)] ReadMemory at 0x7ffc5c330000 of 64 bytes failed: Запрос ReadProcessMemory или WriteProcessMemory был выполнен только частично. (0x12B)
[0717/010314.176:WARNING:pe_image_reader.cc(340)] could not read dos header from C:\Windows\SYSTEM32\IPHLPAPI.DLL
[0717/010314.176:ERROR:process_memory_win.cc(73)] ReadMemory at 0x7ffc5c330000 of 64 bytes failed: Запрос ReadProcessMemory или WriteProcessMemory был выполнен только частично. (0x12B)
[0717/010314.176:WARNING:pe_image_reader.cc(340)] could not read dos header from C:\Windows\SYSTEM32\IPHLPAPI.DLL
[0717/010314.176:ERROR:process_memory_win.cc(73)] ReadMemory at 0x7ffc52940000 of 64 bytes failed: Запрос ReadProcessMemory или WriteProcessMemory был выполнен только частично. (0x12B)
[0717/010314.176:WARNING:pe_image_reader.cc(340)] could not read dos header from C:\Windows\SYSTEM32\Secur32.dll
[0717/010314.176:ERROR:process_memory_win.cc(73)] ReadMemory at 0x7ffc52940000 of 64 bytes failed: Запрос ReadProcessMemory или WriteProcessMemory был выполнен только частично. (0x12B)
[0717/010314.176:WARNING:pe_image_reader.cc(340)] could not read dos header from C:\Windows\SYSTEM32\Secur32.dll
[0717/010314.176:ERROR:process_memory_win.cc(73)] ReadMemory at 0x7ffc5cca0000 of 64 bytes failed: Запрос ReadProcessMemory или WriteProcessMemory был выполнен только частично. (0x12B)
[0717/010314.176:WARNING:pe_image_reader.cc(340)] could not read dos header from C:\Windows\SYSTEM32\USERENV.dll
[0717/010314.176:ERROR:process_memory_win.cc(73)] ReadMemory at 0x7ffc5cca0000 of 64 bytes failed: Запрос ReadProcessMemory или WriteProcessMemory был выполнен только частично. (0x12B)
[0717/010314.176:WARNING:pe_image_reader.cc(340)] could not read dos header from C:\Windows\SYSTEM32\USERENV.dll
[0717/010314.176:ERROR:process_memory_win.cc(73)] ReadMemory at 0x7ffc5ce50000 of 64 bytes failed: Запрос ReadProcessMemory или WriteProcessMemory был выполнен только частично. (0x12B)
[0717/010314.176:WARNING:pe_image_reader.cc(340)] could not read dos header from C:\Windows\System32\profapi.dll
[0717/010314.176:ERROR:process_memory_win.cc(73)] ReadMemory at 0x7ffc5ce50000 of 64 bytes failed: Запрос ReadProcessMemory или WriteProcessMemory был выполнен только частично. (0x12B)
[0717/010314.176:WARNING:pe_image_reader.cc(340)] could not read dos header from C:\Windows\System32\profapi.dll
[0717/010314.176:ERROR:process_memory_win.cc(73)] ReadMemory at 0x7ffc33f60000 of 64 bytes failed: Запрос ReadProcessMemory или WriteProcessMemory был выполнен только частично. (0x12B)
[0717/010314.176:WARNING:pe_image_reader.cc(340)] could not read dos header from C:\Windows\SYSTEM32\UIAutomationCore.DLL
[0717/010314.176:ERROR:process_memory_win.cc(73)] ReadMemory at 0x7ffc33f60000 of 64 bytes failed: Запрос ReadProcessMemory или WriteProcessMemory был выполнен только частично. (0x12B)
[0717/010314.176:WARNING:pe_image_reader.cc(340)] could not read dos header from C:\Windows\SYSTEM32\UIAutomationCore.DLL
[0717/010314.176:ERROR:process_memory_win.cc(73)] ReadMemory at 0x7ffc52bd0000 of 64 bytes failed: Запрос ReadProcessMemory или WriteProcessMemory был выполнен только частично. (0x12B)
[0717/010314.176:WARNING:pe_image_reader.cc(340)] could not read dos header from C:\Windows\SYSTEM32\DWrite.dll
[0717/010314.177:ERROR:process_memory_win.cc(73)] ReadMemory at 0x7ffc52bd0000 of 64 bytes failed: Запрос ReadProcessMemory или WriteProcessMemory был выполнен только частично. (0x12B)
[0717/010314.177:WARNING:pe_image_reader.cc(340)] could not read dos header from C:\Windows\SYSTEM32\DWrite.dll
[0717/010314.177:ERROR:process_memory_win.cc(73)] ReadMemory at 0x7ffc502f0000 of 64 bytes failed: Запрос ReadProcessMemory или WriteProcessMemory был выполнен только частично. (0x12B)
[0717/010314.177:WARNING:pe_image_reader.cc(340)] could not read dos header from C:\Windows\SYSTEM32\WINSPOOL.DRV
[0717/010314.177:ERROR:process_memory_win.cc(73)] ReadMemory at 0x7ffc502f0000 of 64 bytes failed: Запрос ReadProcessMemory или WriteProcessMemory был выполнен только частично. (0x12B)
[0717/010314.177:WARNING:pe_image_reader.cc(340)] could not read dos header from C:\Windows\SYSTEM32\WINSPOOL.DRV
[0717/010314.177:ERROR:process_memory_win.cc(73)] ReadMemory at 0x7ffc5ce10000 of 64 bytes failed: Запрос ReadProcessMemory или WriteProcessMemory был выполнен только частично. (0x12B)
[0717/010314.177:WARNING:pe_image_reader.cc(340)] could not read dos header from C:\Windows\System32\kernel.appcore.dll
[0717/010314.177:ERROR:process_memory_win.cc(73)] ReadMemory at 0x7ffc5ce10000 of 64 bytes failed: Запрос ReadProcessMemory или WriteProcessMemory был выполнен только частично. (0x12B)
[0717/010314.177:WARNING:pe_image_reader.cc(340)] could not read dos header from C:\Windows\System32\kernel.appcore.dll
[0717/010314.177:ERROR:process_memory_win.cc(73)] ReadMemory at 0x7ffc5dec0000 of 64 bytes failed: Запрос ReadProcessMemory или WriteProcessMemory был выполнен только частично. (0x12B)
[0717/010314.177:WARNING:pe_image_reader.cc(340)] could not read dos header from C:\Windows\System32\bcrypt.dll
[0717/010314.177:ERROR:process_memory_win.cc(73)] ReadMemory at 0x7ffc5dec0000 of 64 bytes failed: Запрос ReadProcessMemory или WriteProcessMemory был выполнен только частично. (0x12B)
[0717/010314.177:WARNING:pe_image_reader.cc(340)] could not read dos header from C:\Windows\System32\bcrypt.dll
[0717/010314.177:ERROR:process_memory_win.cc(73)] ReadMemory at 0x7ffc578d0000 of 64 bytes failed: Запрос ReadProcessMemory или WriteProcessMemory был выполнен только частично. (0x12B)
[0717/010314.177:WARNING:pe_image_reader.cc(340)] could not read dos header from C:\Windows\SYSTEM32\dbghelp.dll
[0717/010314.177:ERROR:process_memory_win.cc(73)] ReadMemory at 0x7ffc578d0000 of 64 bytes failed: Запрос ReadProcessMemory или WriteProcessMemory был выполнен только частично. (0x12B)
[0717/010314.177:WARNING:pe_image_reader.cc(340)] could not read dos header from C:\Windows\SYSTEM32\dbghelp.dll
[0717/010314.177:ERROR:process_memory_win.cc(73)] ReadMemory at 0x7ffc53a00000 of 64 bytes failed: Запрос ReadProcessMemory или WriteProcessMemory был выполнен только частично. (0x12B)
[0717/010314.177:WARNING:pe_image_reader.cc(340)] could not read dos header from C:\Windows\SYSTEM32\WINHTTP.dll
[0717/010314.177:ERROR:process_memory_win.cc(73)] ReadMemory at 0x7ffc53a00000 of 64 bytes failed: Запрос ReadProcessMemory или WriteProcessMemory был выполнен только частично. (0x12B)
[0717/010314.178:WARNING:pe_image_reader.cc(340)] could not read dos header from C:\Windows\SYSTEM32\WINHTTP.dll
[0717/010314.178:ERROR:process_memory_win.cc(73)] ReadMemory at 0x7ffc53810000 of 64 bytes failed: Запрос ReadProcessMemory или WriteProcessMemory был выполнен только частично. (0x12B)
[0717/010314.178:WARNING:pe_image_reader.cc(340)] could not read dos header from C:\Windows\SYSTEM32\dhcpcsvc.DLL
[0717/010314.178:ERROR:process_memory_win.cc(73)] ReadMemory at 0x7ffc53810000 of 64 bytes failed: Запрос ReadProcessMemory или WriteProcessMemory был выполнен только частично. (0x12B)
[0717/010314.178:WARNING:pe_image_reader.cc(340)] could not read dos header from C:\Windows\SYSTEM32\dhcpcsvc.DLL
[0717/010314.178:ERROR:process_memory_win.cc(73)] ReadMemory at 0x7ffc5f1d0000 of 64 bytes failed: Запрос ReadProcessMemory или WriteProcessMemory был выполнен только частично. (0x12B)
[0717/010314.178:WARNING:pe_image_reader.cc(340)] could not read dos header from C:\Windows\System32\NSI.dll
[0717/010314.178:ERROR:process_memory_win.cc(73)] ReadMemory at 0x7ffc5f1d0000 of 64 bytes failed: Запрос ReadProcessMemory или WriteProcessMemory был выполнен только частично. (0x12B)
[0717/010314.178:WARNING:pe_image_reader.cc(340)] could not read dos header from C:\Windows\System32\NSI.dll
[0717/010314.178:ERROR:process_memory_win.cc(73)] ReadMemory at 0x7ffc594f0000 of 64 bytes failed: Запрос ReadProcessMemory или WriteProcessMemory был выполнен только частично. (0x12B)
[0717/010314.178:WARNING:pe_image_reader.cc(340)] could not read dos header from C:\Windows\SYSTEM32\PROPSYS.dll
[0717/010314.178:ERROR:process_memory_win.cc(73)] ReadMemory at 0x7ffc594f0000 of 64 bytes failed: Запрос ReadProcessMemory или WriteProcessMemory был выполнен только частично. (0x12B)
[0717/010314.178:WARNING:pe_image_reader.cc(340)] could not read dos header from C:\Windows\SYSTEM32\PROPSYS.dll
[0717/010314.178:ERROR:process_memory_win.cc(73)] ReadMemory at 0x7ffc5faa0000 of 64 bytes failed: Запрос ReadProcessMemory или WriteProcessMemory был выполнен только частично. (0x12B)
[0717/010314.178:WARNING:pe_image_reader.cc(340)] could not read dos header from C:\Windows\System32\shcore.dll
[0717/010314.178:ERROR:process_memory_win.cc(73)] ReadMemory at 0x7ffc5faa0000 of 64 bytes failed: Запрос ReadProcessMemory или WriteProcessMemory был выполнен только частично. (0x12B)
[0717/010314.178:WARNING:pe_image_reader.cc(340)] could not read dos header from C:\Windows\System32\shcore.dll
[0717/010314.178:ERROR:process_memory_win.cc(73)] ReadMemory at 0x7ffc5ccd0000 of 64 bytes failed: Запрос ReadProcessMemory или WriteProcessMemory был выполнен только частично. (0x12B)
[0717/010314.178:WARNING:pe_image_reader.cc(340)] could not read dos header from C:\Windows\SYSTEM32\SSPICLI.DLL
[0717/010314.178:ERROR:process_memory_win.cc(73)] ReadMemory at 0x7ffc5ccd0000 of 64 bytes failed: Запрос ReadProcessMemory или WriteProcessMemory был выполнен только частично. (0x12B)
[0717/010314.178:WARNING:pe_image_reader.cc(340)] could not read dos header from C:\Windows\SYSTEM32\SSPICLI.DLL
[0717/010314.178:ERROR:process_memory_win.cc(73)] ReadMemory at 0x1feb9470000 of 64 bytes failed: Запрос ReadProcessMemory или WriteProcessMemory был выполнен только частично. (0x12B)
[0717/010314.179:WARNING:pe_image_reader.cc(340)] could not read dos header from C:\Windows\System32\SHELL32.dll
[0717/010314.179:ERROR:process_memory_win.cc(73)] ReadMemory at 0x1feb9470000 of 64 bytes failed: Запрос ReadProcessMemory или WriteProcessMemory был выполнен только частично. (0x12B)
[0717/010314.179:WARNING:pe_image_reader.cc(340)] could not read dos header from C:\Windows\System32\SHELL32.dll
[0717/010314.179:ERROR:process_memory_win.cc(73)] ReadMemory at 0x7ffc5d490000 of 64 bytes failed: Запрос ReadProcessMemory или WriteProcessMemory был выполнен только частично. (0x12B)
[0717/010314.179:WARNING:pe_image_reader.cc(340)] could not read dos header from C:\Windows\System32\windows.storage.dll
[0717/010314.179:ERROR:process_memory_win.cc(73)] ReadMemory at 0x7ffc5d490000 of 64 bytes failed: Запрос ReadProcessMemory или WriteProcessMemory был выполнен только частично. (0x12B)
[0717/010314.179:WARNING:pe_image_reader.cc(340)] could not read dos header from C:\Windows\System32\windows.storage.dll
[0717/010314.179:ERROR:process_memory_win.cc(73)] ReadMemory at 0x7ffc5cdc0000 of 64 bytes failed: Запрос ReadProcessMemory или WriteProcessMemory был выполнен только частично. (0x12B)
[0717/010314.179:WARNING:pe_image_reader.cc(340)] could not read dos header from C:\Windows\System32\powrprof.dll
[0717/010314.179:ERROR:process_memory_win.cc(73)] ReadMemory at 0x7ffc5cdc0000 of 64 bytes failed: Запрос ReadProcessMemory или WriteProcessMemory был выполнен только частично. (0x12B)
[0717/010314.179:WARNING:pe_image_reader.cc(340)] could not read dos header from C:\Windows\System32\powrprof.dll
[0717/010314.179:ERROR:process_memory_win.cc(73)] ReadMemory at 0x7ffc5cdb0000 of 64 bytes failed: Запрос ReadProcessMemory или WriteProcessMemory был выполнен только частично. (0x12B)
[0717/010314.179:WARNING:pe_image_reader.cc(340)] could not read dos header from C:\Windows\System32\UMPDC.dll
[0717/010314.179:ERROR:process_memory_win.cc(73)] ReadMemory at 0x7ffc5cdb0000 of 64 bytes failed: Запрос ReadProcessMemory или WriteProcessMemory был выполнен только частично. (0x12B)
[0717/010314.179:WARNING:pe_image_reader.cc(340)] could not read dos header from C:\Windows\System32\UMPDC.dll
[0717/010314.179:ERROR:process_memory_win.cc(73)] ReadMemory at 0x7ffc5e7c0000 of 64 bytes failed: Запрос ReadProcessMemory или WriteProcessMemory был выполнен только частично. (0x12B)
[0717/010314.179:WARNING:pe_image_reader.cc(340)] could not read dos header from C:\Windows\System32\shlwapi.dll
[0717/010314.179:ERROR:process_memory_win.cc(73)] ReadMemory at 0x7ffc5e7c0000 of 64 bytes failed: Запрос ReadProcessMemory или WriteProcessMemory был выполнен только частично. (0x12B)
[0717/010314.179:WARNING:pe_image_reader.cc(340)] could not read dos header from C:\Windows\System32\shlwapi.dll
[0717/010314.179:ERROR:process_memory_win.cc(73)] ReadMemory at 0x7ffc5fb50000 of 64 bytes failed: Запрос ReadProcessMemory или WriteProcessMemory был выполнен только частично. (0x12B)
[0717/010314.179:WARNING:pe_image_reader.cc(340)] could not read dos header from C:\Windows\System32\GDI32.dll
[0717/010314.180:ERROR:process_memory_win.cc(73)] ReadMemory at 0x7ffc5fb50000 of 64 bytes failed: Запрос ReadProcessMemory или WriteProcessMemory был выполнен только частично. (0x12B)
[0717/010314.180:WARNING:pe_image_reader.cc(340)] could not read dos header from C:\Windows\System32\GDI32.dll
[0717/010314.180:ERROR:process_memory_win.cc(73)] ReadMemory at 0x7ffc5d0c0000 of 64 bytes failed: Запрос ReadProcessMemory или WriteProcessMemory был выполнен только частично. (0x12B)
[0717/010314.180:WARNING:pe_image_reader.cc(340)] could not read dos header from C:\Windows\System32\win32u.dll
[0717/010314.180:ERROR:process_memory_win.cc(73)] ReadMemory at 0x7ffc5d0c0000 of 64 bytes failed: Запрос ReadProcessMemory или WriteProcessMemory был выполнен только частично. (0x12B)
[0717/010314.180:WARNING:pe_image_reader.cc(340)] could not read dos header from C:\Windows\System32\win32u.dll
[0717/010314.180:ERROR:process_memory_win.cc(73)] ReadMemory at 0x7ffc5cf20000 of 64 bytes failed: Запрос ReadProcessMemory или WriteProcessMemory был выполнен только частично. (0x12B)
[0717/010314.180:WARNING:pe_image_reader.cc(340)] could not read dos header from C:\Windows\System32\gdi32full.dll
[0717/010314.180:ERROR:process_memory_win.cc(73)] ReadMemory at 0x7ffc5cf20000 of 64 bytes failed: Запрос ReadProcessMemory или WriteProcessMemory был выполнен только частично. (0x12B)
[0717/010314.180:WARNING:pe_image_reader.cc(340)] could not read dos header from C:\Windows\System32\gdi32full.dll
[0717/010314.180:ERROR:process_memory_win.cc(73)] ReadMemory at 0x7ffc5f8a0000 of 64 bytes failed: Запрос ReadProcessMemory или WriteProcessMemory был выполнен только частично. (0x12B)
[0717/010314.180:WARNING:pe_image_reader.cc(340)] could not read dos header from C:\Windows\System32\USER32.dll
[0717/010314.180:ERROR:process_memory_win.cc(73)] ReadMemory at 0x7ffc5f8a0000 of 64 bytes failed: Запрос ReadProcessMemory или WriteProcessMemory был выполнен только частично. (0x12B)
[0717/010314.180:WARNING:pe_image_reader.cc(340)] could not read dos header from C:\Windows\System32\USER32.dll
[0717/010314.180:ERROR:process_memory_win.cc(73)] ReadMemory at 0x7ffc5def0000 of 64 bytes failed: Запрос ReadProcessMemory или WriteProcessMemory был выполнен только частично. (0x12B)
[0717/010314.180:WARNING:pe_image_reader.cc(340)] could not read dos header from C:\Windows\System32\cryptsp.dll
[0717/010314.180:ERROR:process_memory_win.cc(73)] ReadMemory at 0x7ffc5def0000 of 64 bytes failed: Запрос ReadProcessMemory или WriteProcessMemory был выполнен только частично. (0x12B)
[0717/010314.180:WARNING:pe_image_reader.cc(340)] could not read dos header from C:\Windows\System32\cryptsp.dll
[0717/010314.180:ERROR:process_memory_win.cc(73)] ReadMemory at 0x7ffc5ece0000 of 64 bytes failed: Запрос ReadProcessMemory или WriteProcessMemory был выполнен только частично. (0x12B)
[0717/010314.180:WARNING:pe_image_reader.cc(340)] could not read dos header from C:\Windows\System32\IMM32.DLL
[0717/010314.180:ERROR:process_memory_win.cc(73)] ReadMemory at 0x7ffc5ece0000 of 64 bytes failed: Запрос ReadProcessMemory или WriteProcessMemory был выполнен только частично. (0x12B)
[0717/010314.180:WARNING:pe_image_reader.cc(340)] could not read dos header from C:\Windows\System32\IMM32.DLL
[0717/010314.181:ERROR:process_memory_win.cc(73)] ReadMemory at 0x7ffc5c7f0000 of 64 bytes failed: Запрос ReadProcessMemory или WriteProcessMemory был выполнен только частично. (0x12B)
[0717/010314.181:WARNING:pe_image_reader.cc(340)] could not read dos header from C:\Windows\SYSTEM32\CRYPTBASE.DLL
[0717/010314.181:ERROR:process_memory_win.cc(73)] ReadMemory at 0x7ffc5c7f0000 of 64 bytes failed: Запрос ReadProcessMemory или WriteProcessMemory был выполнен только частично. (0x12B)
[0717/010314.181:WARNING:pe_image_reader.cc(340)] could not read dos header from C:\Windows\SYSTEM32\CRYPTBASE.DLL
[0717/010314.211:ERROR:process_memory_win.cc(73)] ReadMemory at 0x7ff6da230000 of 64 bytes failed: Запрос ReadProcessMemory или WriteProcessMemory был выполнен только частично. (0x12B)
[0717/010314.211:WARNING:pe_image_reader.cc(340)] could not read dos header from C:\Program Files (x86)\Google\Chrome\Application\chrome.exe
[0717/010314.211:ERROR:process_memory_win.cc(73)] ReadMemory at 0x7ffc5fee0000 of 64 bytes failed: Запрос ReadProcessMemory или WriteProcessMemory был выполнен только частично. (0x12B)
[0717/010314.211:WARNING:pe_image_reader.cc(340)] could not read dos header from C:\Windows\SYSTEM32\ntdll.dll
[0717/010314.211:ERROR:process_memory_win.cc(73)] ReadMemory at 0x7ffc5df90000 of 64 bytes failed: Запрос ReadProcessMemory или WriteProcessMemory был выполнен только частично. (0x12B)
[0717/010314.211:WARNING:pe_image_reader.cc(340)] could not read dos header from C:\Windows\System32\KERNEL32.DLL
[0717/010314.211:ERROR:process_memory_win.cc(73)] ReadMemory at 0x7ffc5dc10000 of 64 bytes failed: Запрос ReadProcessMemory или WriteProcessMemory был выполнен только частично. (0x12B)
[0717/010314.211:WARNING:pe_image_reader.cc(340)] could not read dos header from C:\Windows\System32\KERNELBASE.dll
[0717/010314.211:ERROR:process_memory_win.cc(73)] ReadMemory at 0x7ffc3e870000 of 64 bytes failed: Запрос ReadProcessMemory или WriteProcessMemory был выполнен только частично. (0x12B)
[0717/010314.211:WARNING:pe_image_reader.cc(340)] could not read dos header from C:\Program Files (x86)\Google\Chrome\Application\83.0.4103.116\chrome_elf.dll
[0717/010314.211:ERROR:process_memory_win.cc(73)] ReadMemory at 0x7ffc58140000 of 64 bytes failed: Запрос ReadProcessMemory или WriteProcessMemory был выполнен только частично. (0x12B)
[0717/010314.211:WARNING:pe_image_reader.cc(340)] could not read dos header from C:\Windows\SYSTEM32\VERSION.dll
[0717/010314.211:ERROR:process_memory_win.cc(73)] ReadMemory at 0x7ffc5f290000 of 64 bytes failed: Запрос ReadProcessMemory или WriteProcessMemory был выполнен только частично. (0x12B)
[0717/010314.211:WARNING:pe_image_reader.cc(340)] could not read dos header from C:\Windows\System32\msvcrt.dll
[0717/010314.211:ERROR:process_memory_win.cc(73)] ReadMemory at 0x7ffc5df10000 of 64 bytes failed: Запрос ReadProcessMemory или WriteProcessMemory был выполнен только частично. (0x12B)
[0717/010314.211:WARNING:pe_image_reader.cc(340)] could not read dos header from C:\Windows\System32\bcryptPrimitives.dll
[0717/010314.211:ERROR:process_memory_win.cc(73)] ReadMemory at 0x7ffc5a8f0000 of 64 bytes failed: Запрос ReadProcessMemory или WriteProcessMemory был выполнен только частично. (0x12B)
[0717/010314.211:WARNING:pe_image_reader.cc(340)] could not read dos header from C:\Windows\SYSTEM32\WINMM.dll
[0717/010314.211:ERROR:process_memory_win.cc(73)] ReadMemory at 0x7ffc5a8c0000 of 64 bytes failed: Запрос ReadProcessMemory или WriteProcessMemory был выполнен только частично. (0x12B)
[0717/010314.211:WARNING:pe_image_reader.cc(340)] could not read dos header from C:\Windows\SYSTEM32\WINMMBASE.dll
[0717/010314.211:ERROR:process_memory_win.cc(73)] ReadMemory at 0x7ffc5d440000 of 64 bytes failed: Запрос ReadProcessMemory или WriteProcessMemory был выполнен только частично. (0x12B)
[0717/010314.211:WARNING:pe_image_reader.cc(340)] could not read dos header from C:\Windows\System32\cfgmgr32.dll
[0717/010314.211:ERROR:process_memory_win.cc(73)] ReadMemory at 0x7ffc5d340000 of 64 bytes failed: Запрос ReadProcessMemory или WriteProcessMemory был выполнен только частично. (0x12B)
[0717/010314.213:WARNING:pe_image_reader.cc(340)] could not read dos header from C:\Windows\System32\ucrtbase.dll
[0717/010314.213:ERROR:process_memory_win.cc(73)] ReadMemory at 0x7ffc5f1e0000 of 64 bytes failed: Запрос ReadProcessMemory или WriteProcessMemory был выполнен только частично. (0x12B)
[0717/010314.213:WARNING:pe_image_reader.cc(340)] could not read dos header from C:\Windows\System32\ADVAPI32.dll
[0717/010314.213:ERROR:process_memory_win.cc(73)] ReadMemory at 0x7ffc5e820000 of 64 bytes failed: Запрос ReadProcessMemory или WriteProcessMemory был выполнен только частично. (0x12B)
[0717/010314.213:WARNING:pe_image_reader.cc(340)] could not read dos header from C:\Windows\System32\sechost.dll
[0717/010314.213:ERROR:process_memory_win.cc(73)] ReadMemory at 0x7ffc5e8c0000 of 64 bytes failed: Запрос ReadProcessMemory или WriteProcessMemory был выполнен только частично. (0x12B)
[0717/010314.213:WARNING:pe_image_reader.cc(340)] could not read dos header from C:\Windows\System32\RPCRT4.dll
[0717/010314.213:ERROR:process_memory_win.cc(73)] ReadMemory at 0x7ffc1a180000 of 64 bytes failed: Запрос ReadProcessMemory или WriteProcessMemory был выполнен только частично. (0x12B)
[0717/010314.213:WARNING:pe_image_reader.cc(340)] could not read dos header from C:\Program Files (x86)\Google\Chrome\Application\83.0.4103.116\chrome.dll
[0717/010314.213:ERROR:process_memory_win.cc(73)] ReadMemory at 0x7ffc5f830000 of 64 bytes failed: Запрос ReadProcessMemory или WriteProcessMemory был выполнен только частично. (0x12B)
[0717/010314.213:WARNING:pe_image_reader.cc(340)] could not read dos header from C:\Windows\System32\WS2_32.dll
[0717/010314.213:ERROR:process_memory_win.cc(73)] ReadMemory at 0x7ffc5eab0000 of 64 bytes failed: Запрос ReadProcessMemory или WriteProcessMemory был выполнен только частично. (0x12B)
[0717/010314.213:WARNING:pe_image_reader.cc(340)] could not read dos header from C:\Windows\System32\OLEAUT32.dll
[0717/010314.213:ERROR:process_memory_win.cc(73)] ReadMemory at 0x7ffc5d2a0000 of 64 bytes failed: Запрос ReadProcessMemory или WriteProcessMemory был выполнен только частично. (0x12B)
[0717/010314.213:WARNING:pe_image_reader.cc(340)] could not read dos header from C:\Windows\System32\msvcp_win.dll
[0717/010314.213:ERROR:process_memory_win.cc(73)] ReadMemory at 0x7ffc5ed80000 of 64 bytes failed: Запрос ReadProcessMemory или WriteProcessMemory был выполнен только частично. (0x12B)
[0717/010314.213:WARNING:pe_image_reader.cc(340)] could not read dos header from C:\Windows\System32\combase.dll
[0717/010314.213:ERROR:process_memory_win.cc(73)] ReadMemory at 0x7ffc5d240000 of 64 bytes failed: Запрос ReadProcessMemory или WriteProcessMemory был выполнен только частично. (0x12B)
[0717/010314.213:WARNING:pe_image_reader.cc(340)] could not read dos header from C:\Windows\System32\WINTRUST.dll
[0717/010314.213:ERROR:process_memory_win.cc(73)] ReadMemory at 0x7ffc5ce30000 of 64 bytes failed: Запрос ReadProcessMemory или WriteProcessMemory был выполнен только частично. (0x12B)
[0717/010314.213:WARNING:pe_image_reader.cc(340)] could not read dos header from C:\Windows\System32\MSASN1.dll
[0717/010314.213:ERROR:process_memory_win.cc(73)] ReadMemory at 0x7ffc5d0f0000 of 64 bytes failed: Запрос ReadProcessMemory или WriteProcessMemory был выполнен только частично. (0x12B)
[0717/010314.213:WARNING:pe_image_reader.cc(340)] could not read dos header from C:\Windows\System32\CRYPT32.dll
[0717/010314.213:ERROR:process_memory_win.cc(73)] ReadMemory at 0x7ffc5c330000 of 64 bytes failed: Запрос ReadProcessMemory или WriteProcessMemory был выполнен только частично. (0x12B)
[0717/010314.213:WARNING:pe_image_reader.cc(340)] could not read dos header from C:\Windows\SYSTEM32\IPHLPAPI.DLL
[0717/010314.213:ERROR:process_memory_win.cc(73)] ReadMemory at 0x7ffc52940000 of 64 bytes failed: Запрос ReadProcessMemory или WriteProcessMemory был выполнен только частично. (0x12B)
[0717/010314.213:WARNING:pe_image_reader.cc(340)] could not read dos header from C:\Windows\SYSTEM32\Secur32.dll
[0717/010314.213:ERROR:process_memory_win.cc(73)] ReadMemory at 0x7ffc5cca0000 of 64 bytes failed: Запрос ReadProcessMemory или WriteProcessMemory был выполнен только частично. (0x12B)
[0717/010314.213:WARNING:pe_image_reader.cc(340)] could not read dos header from C:\Windows\SYSTEM32\USERENV.dll
[0717/010314.213:ERROR:process_memory_win.cc(73)] ReadMemory at 0x7ffc5ce50000 of 64 bytes failed: Запрос ReadProcessMemory или WriteProcessMemory был выполнен только частично. (0x12B)
[0717/010314.213:WARNING:pe_image_reader.cc(340)] could not read dos header from C:\Windows\System32\profapi.dll
[0717/010314.213:ERROR:process_memory_win.cc(73)] ReadMemory at 0x7ffc33f60000 of 64 bytes failed: Запрос ReadProcessMemory или WriteProcessMemory был выполнен только частично. (0x12B)
[0717/010314.213:WARNING:pe_image_reader.cc(340)] could not read dos header from C:\Windows\SYSTEM32\UIAutomationCore.DLL
[0717/010314.213:ERROR:process_memory_win.cc(73)] ReadMemory at 0x7ffc52bd0000 of 64 bytes failed: Запрос ReadProcessMemory или WriteProcessMemory был выполнен только частично. (0x12B)
[0717/010314.213:WARNING:pe_image_reader.cc(340)] could not read dos header from C:\Windows\SYSTEM32\DWrite.dll
[0717/010314.213:ERROR:process_memory_win.cc(73)] ReadMemory at 0x7ffc502f0000 of 64 bytes failed: Запрос ReadProcessMemory или WriteProcessMemory был выполнен только частично. (0x12B)
[0717/010314.213:WARNING:pe_image_reader.cc(340)] could not read dos header from C:\Windows\SYSTEM32\WINSPOOL.DRV
[0717/010314.213:ERROR:process_memory_win.cc(73)] ReadMemory at 0x7ffc5ce10000 of 64 bytes failed: Запрос ReadProcessMemory или WriteProcessMemory был выполнен только частично. (0x12B)
[0717/010314.213:WARNING:pe_image_reader.cc(340)] could not read dos header from C:\Windows\System32\kernel.appcore.dll
[0717/010314.213:ERROR:process_memory_win.cc(73)] ReadMemory at 0x7ffc5dec0000 of 64 bytes failed: Запрос ReadProcessMemory или WriteProcessMemory был выполнен только частично. (0x12B)
[0717/010314.213:WARNING:pe_image_reader.cc(340)] could not read dos header from C:\Windows\System32\bcrypt.dll
[0717/010314.213:ERROR:process_memory_win.cc(73)] ReadMemory at 0x7ffc578d0000 of 64 bytes failed: Запрос ReadProcessMemory или WriteProcessMemory был выполнен только частично. (0x12B)
[0717/010314.213:WARNING:pe_image_reader.cc(340)] could not read dos header from C:\Windows\SYSTEM32\dbghelp.dll
[0717/010314.213:ERROR:process_memory_win.cc(73)] ReadMemory at 0x7ffc53a00000 of 64 bytes failed: Запрос ReadProcessMemory или WriteProcessMemory был выполнен только частично. (0x12B)
[0717/010314.213:WARNING:pe_image_reader.cc(340)] could not read dos header from C:\Windows\SYSTEM32\WINHTTP.dll
[0717/010314.213:ERROR:process_memory_win.cc(73)] ReadMemory at 0x7ffc53810000 of 64 bytes failed: Запрос ReadProcessMemory или WriteProcessMemory был выполнен только частично. (0x12B)
[0717/010314.213:WARNING:pe_image_reader.cc(340)] could not read dos header from C:\Windows\SYSTEM32\dhcpcsvc.DLL
[0717/010314.213:ERROR:process_memory_win.cc(73)] ReadMemory at 0x7ffc5f1d0000 of 64 bytes failed: Запрос ReadProcessMemory или WriteProcessMemory был выполнен только частично. (0x12B)
[0717/010314.213:WARNING:pe_image_reader.cc(340)] could not read dos header from C:\Windows\System32\NSI.dll
[0717/010314.213:ERROR:process_memory_win.cc(73)] ReadMemory at 0x7ffc594f0000 of 64 bytes failed: Запрос ReadProcessMemory или WriteProcessMemory был выполнен только частично. (0x12B)
[0717/010314.213:WARNING:pe_image_reader.cc(340)] could not read dos header from C:\Windows\SYSTEM32\PROPSYS.dll
[0717/010314.213:ERROR:process_memory_win.cc(73)] ReadMemory at 0x7ffc5faa0000 of 64 bytes failed: Запрос ReadProcessMemory или WriteProcessMemory был выполнен только частично. (0x12B)
[0717/010314.213:WARNING:pe_image_reader.cc(340)] could not read dos header from C:\Windows\System32\shcore.dll
[0717/010314.213:ERROR:process_memory_win.cc(73)] ReadMemory at 0x7ffc5ccd0000 of 64 bytes failed: Запрос ReadProcessMemory или WriteProcessMemory был выполнен только частично. (0x12B)
[0717/010314.213:WARNING:pe_image_reader.cc(340)] could not read dos header from C:\Windows\SYSTEM32\SSPICLI.DLL
[0717/010314.213:ERROR:process_memory_win.cc(73)] ReadMemory at 0x1feb9470000 of 64 bytes failed: Запрос ReadProcessMemory или WriteProcessMemory был выполнен только частично. (0x12B)
[0717/010314.213:WARNING:pe_image_reader.cc(340)] could not read dos header from C:\Windows\System32\SHELL32.dll
[0717/010314.213:ERROR:process_memory_win.cc(73)] ReadMemory at 0x7ffc5d490000 of 64 bytes failed: Запрос ReadProcessMemory или WriteProcessMemory был выполнен только частично. (0x12B)
[0717/010314.213:WARNING:pe_image_reader.cc(340)] could not read dos header from C:\Windows\System32\windows.storage.dll
[0717/010314.213:ERROR:process_memory_win.cc(73)] ReadMemory at 0x7ffc5cdc0000 of 64 bytes failed: Запрос ReadProcessMemory или WriteProcessMemory был выполнен только частично. (0x12B)
[0717/010314.213:WARNING:pe_image_reader.cc(340)] could not read dos header from C:\Windows\System32\powrprof.dll
[0717/010314.213:ERROR:process_memory_win.cc(73)] ReadMemory at 0x7ffc5cdb0000 of 64 bytes failed: Запрос ReadProcessMemory или WriteProcessMemory был выполнен только частично. (0x12B)
[0717/010314.213:WARNING:pe_image_reader.cc(340)] could not read dos header from C:\Windows\System32\UMPDC.dll
[0717/010314.213:ERROR:process_memory_win.cc(73)] ReadMemory at 0x7ffc5e7c0000 of 64 bytes failed: Запрос ReadProcessMemory или WriteProcessMemory был выполнен только частично. (0x12B)
[0717/010314.213:WARNING:pe_image_reader.cc(340)] could not read dos header from C:\Windows\System32\shlwapi.dll
[0717/010314.213:ERROR:process_memory_win.cc(73)] ReadMemory at 0x7ffc5fb50000 of 64 bytes failed: Запрос ReadProcessMemory или WriteProcessMemory был выполнен только частично. (0x12B)
[0717/010314.213:WARNING:pe_image_reader.cc(340)] could not read dos header from C:\Windows\System32\GDI32.dll
[0717/010314.213:ERROR:process_memory_win.cc(73)] ReadMemory at 0x7ffc5d0c0000 of 64 bytes failed: Запрос ReadProcessMemory или WriteProcessMemory был выполнен только частично. (0x12B)
[0717/010314.213:WARNING:pe_image_reader.cc(340)] could not read dos header from C:\Windows\System32\win32u.dll
[0717/010314.213:ERROR:process_memory_win.cc(73)] ReadMemory at 0x7ffc5cf20000 of 64 bytes failed: Запрос ReadProcessMemory или WriteProcessMemory был выполнен только частично. (0x12B)
[0717/010314.213:WARNING:pe_image_reader.cc(340)] could not read dos header from C:\Windows\System32\gdi32full.dll
[0717/010314.213:ERROR:process_memory_win.cc(73)] ReadMemory at 0x7ffc5f8a0000 of 64 bytes failed: Запрос ReadProcessMemory или WriteProcessMemory был выполнен только частично. (0x12B)
[0717/010314.213:WARNING:pe_image_reader.cc(340)] could not read dos header from C:\Windows\System32\USER32.dll
[0717/010314.213:ERROR:process_memory_win.cc(73)] ReadMemory at 0x7ffc5def0000 of 64 bytes failed: Запрос ReadProcessMemory или WriteProcessMemory был выполнен только частично. (0x12B)
[0717/010314.213:WARNING:pe_image_reader.cc(340)] could not read dos header from C:\Windows\System32\cryptsp.dll
[0717/010314.213:ERROR:process_memory_win.cc(73)] ReadMemory at 0x7ffc5ece0000 of 64 bytes failed: Запрос ReadProcessMemory или WriteProcessMemory был выполнен только частично. (0x12B)
[0717/010314.213:WARNING:pe_image_reader.cc(340)] could not read dos header from C:\Windows\System32\IMM32.DLL
[0717/010314.213:ERROR:process_memory_win.cc(73)] ReadMemory at 0x7ffc5c7f0000 of 64 bytes failed: Запрос ReadProcessMemory или WriteProcessMemory был выполнен только частично. (0x12B)
[0717/010314.213:WARNING:pe_image_reader.cc(340)] could not read dos header from C:\Windows\SYSTEM32\CRYPTBASE.DLL
[0717/010314.223:ERROR:process_memory_win.cc(73)] ReadMemory at 0x7ff6da230000 of 64 bytes failed: Запрос ReadProcessMemory или WriteProcessMemory был выполнен только частично. (0x12B)
[0717/010314.223:WARNING:pe_image_reader.cc(340)] could not read dos header from C:\Program Files (x86)\Google\Chrome\Application\chrome.exe
[0717/010314.223:ERROR:process_memory_win.cc(73)] ReadMemory at 0x7ffc5fee0000 of 64 bytes failed: Запрос ReadProcessMemory или WriteProcessMemory был выполнен только частично. (0x12B)
[0717/010314.223:WARNING:pe_image_reader.cc(340)] could not read dos header from C:\Windows\SYSTEM32\ntdll.dll
[0717/010314.223:ERROR:process_memory_win.cc(73)] ReadMemory at 0x7ffc5df90000 of 64 bytes failed: Запрос ReadProcessMemory или WriteProcessMemory был выполнен только частично. (0x12B)
[0717/010314.223:WARNING:pe_image_reader.cc(340)] could not read dos header from C:\Windows\System32\KERNEL32.DLL
[0717/010314.223:ERROR:process_memory_win.cc(73)] ReadMemory at 0x7ffc5dc10000 of 64 bytes failed: Запрос ReadProcessMemory или WriteProcessMemory был выполнен только частично. (0x12B)
[0717/010314.223:WARNING:pe_image_reader.cc(340)] could not read dos header from C:\Windows\System32\KERNELBASE.dll
[0717/010314.223:ERROR:process_memory_win.cc(73)] ReadMemory at 0x7ffc3e870000 of 64 bytes failed: Запрос ReadProcessMemory или WriteProcessMemory был выполнен только частично. (0x12B)
[0717/010314.223:WARNING:pe_image_reader.cc(340)] could not read dos header from C:\Program Files (x86)\Google\Chrome\Application\83.0.4103.116\chrome_elf.dll
[0717/010314.223:ERROR:process_memory_win.cc(73)] ReadMemory at 0x7ffc58140000 of 64 bytes failed: Запрос ReadProcessMemory или WriteProcessMemory был выполнен только частично. (0x12B)
[0717/010314.223:WARNING:pe_image_reader.cc(340)] could not read dos header from C:\Windows\SYSTEM32\VERSION.dll
[0717/010314.223:ERROR:process_memory_win.cc(73)] ReadMemory at 0x7ffc5f290000 of 64 bytes failed: Запрос ReadProcessMemory или WriteProcessMemory был выполнен только частично. (0x12B)
[0717/010314.223:WARNING:pe_image_reader.cc(340)] could not read dos header from C:\Windows\System32\msvcrt.dll
[0717/010314.223:ERROR:process_memory_win.cc(73)] ReadMemory at 0x7ffc5df10000 of 64 bytes failed: Запрос ReadProcessMemory или WriteProcessMemory был выполнен только частично. (0x12B)
[0717/010314.223:WARNING:pe_image_reader.cc(340)] could not read dos header from C:\Windows\System32\bcryptPrimitives.dll
[0717/010314.223:ERROR:process_memory_win.cc(73)] ReadMemory at 0x7ffc5a8f0000 of 64 bytes failed: Запрос ReadProcessMemory или WriteProcessMemory был выполнен только частично. (0x12B)
[0717/010314.223:WARNING:pe_image_reader.cc(340)] could not read dos header from C:\Windows\SYSTEM32\WINMM.dll
[0717/010314.223:ERROR:process_memory_win.cc(73)] ReadMemory at 0x7ffc5a8c0000 of 64 bytes failed: Запрос ReadProcessMemory или WriteProcessMemory был выполнен только частично. (0x12B)
[0717/010314.223:WARNING:pe_image_reader.cc(340)] could not read dos header from C:\Windows\SYSTEM32\WINMMBASE.dll
[0717/010314.223:ERROR:process_memory_win.cc(73)] ReadMemory at 0x7ffc5d440000 of 64 bytes failed: Запрос ReadProcessMemory или WriteProcessMemory был выполнен только частично. (0x12B)
[0717/010314.223:WARNING:pe_image_reader.cc(340)] could not read dos header from C:\Windows\System32\cfgmgr32.dll
[0717/010314.223:ERROR:process_memory_win.cc(73)] ReadMemory at 0x7ffc5d340000 of 64 bytes failed: Запрос ReadProcessMemory или WriteProcessMemory был выполнен только частично. (0x12B)
[0717/010314.223:WARNING:pe_image_reader.cc(340)] could not read dos header from C:\Windows\System32\ucrtbase.dll
[0717/010314.223:ERROR:process_memory_win.cc(73)] ReadMemory at 0x7ffc5f1e0000 of 64 bytes failed: Запрос ReadProcessMemory или WriteProcessMemory был выполнен только частично. (0x12B)
[0717/010314.223:WARNING:pe_image_reader.cc(340)] could not read dos header from C:\Windows\System32\ADVAPI32.dll
[0717/010314.223:ERROR:process_memory_win.cc(73)] ReadMemory at 0x7ffc5e820000 of 64 bytes failed: Запрос ReadProcessMemory или WriteProcessMemory был выполнен только частично. (0x12B)
[0717/010314.223:WARNING:pe_image_reader.cc(340)] could not read dos header from C:\Windows\System32\sechost.dll
[0717/010314.223:ERROR:process_memory_win.cc(73)] ReadMemory at 0x7ffc5e8c0000 of 64 bytes failed: Запрос ReadProcessMemory или WriteProcessMemory был выполнен только частично. (0x12B)
[0717/010314.223:WARNING:pe_image_reader.cc(340)] could not read dos header from C:\Windows\System32\RPCRT4.dll
[0717/010314.223:ERROR:process_memory_win.cc(73)] ReadMemory at 0x7ffc1a180000 of 64 bytes failed: Запрос ReadProcessMemory или WriteProcessMemory был выполнен только частично. (0x12B)
[0717/010314.223:WARNING:pe_image_reader.cc(340)] could not read dos header from C:\Program Files (x86)\Google\Chrome\Application\83.0.4103.116\chrome.dll
[0717/010314.223:ERROR:process_memory_win.cc(73)] ReadMemory at 0x7ffc5f830000 of 64 bytes failed: Запрос ReadProcessMemory или WriteProcessMemory был выполнен только частично. (0x12B)
[0717/010314.223:WARNING:pe_image_reader.cc(340)] could not read dos header from C:\Windows\System32\WS2_32.dll
[0717/010314.223:ERROR:process_memory_win.cc(73)] ReadMemory at 0x7ffc5eab0000 of 64 bytes failed: Запрос ReadProcessMemory или WriteProcessMemory был выполнен только частично. (0x12B)
[0717/010314.223:WARNING:pe_image_reader.cc(340)] could not read dos header from C:\Windows\System32\OLEAUT32.dll
[0717/010314.223:ERROR:process_memory_win.cc(73)] ReadMemory at 0x7ffc5d2a0000 of 64 bytes failed: Запрос ReadProcessMemory или WriteProcessMemory был выполнен только частично. (0x12B)
[0717/010314.223:WARNING:pe_image_reader.cc(340)] could not read dos header from C:\Windows\System32\msvcp_win.dll
[0717/010314.223:ERROR:process_memory_win.cc(73)] ReadMemory at 0x7ffc5ed80000 of 64 bytes failed: Запрос ReadProcessMemory или WriteProcessMemory был выполнен только частично. (0x12B)
[0717/010314.223:WARNING:pe_image_reader.cc(340)] could not read dos header from C:\Windows\System32\combase.dll
[0717/010314.223:ERROR:process_memory_win.cc(73)] ReadMemory at 0x7ffc5d240000 of 64 bytes failed: Запрос ReadProcessMemory или WriteProcessMemory был выполнен только частично. (0x12B)
[0717/010314.223:WARNING:pe_image_reader.cc(340)] could not read dos header from C:\Windows\System32\WINTRUST.dll
[0717/010314.223:ERROR:process_memory_win.cc(73)] ReadMemory at 0x7ffc5ce30000 of 64 bytes failed: Запрос ReadProcessMemory или WriteProcessMemory был выполнен только частично. (0x12B)
[0717/010314.223:WARNING:pe_image_reader.cc(340)] could not read dos header from C:\Windows\System32\MSASN1.dll
[0717/010314.223:ERROR:process_memory_win.cc(73)] ReadMemory at 0x7ffc5d0f0000 of 64 bytes failed: Запрос ReadProcessMemory или WriteProcessMemory был выполнен только частично. (0x12B)
[0717/010314.223:WARNING:pe_image_reader.cc(340)] could not read dos header from C:\Windows\System32\CRYPT32.dll
[0717/010314.223:ERROR:process_memory_win.cc(73)] ReadMemory at 0x7ffc5c330000 of 64 bytes failed: Запрос ReadProcessMemory или WriteProcessMemory был выполнен только частично. (0x12B)
[0717/010314.223:WARNING:pe_image_reader.cc(340)] could not read dos header from C:\Windows\SYSTEM32\IPHLPAPI.DLL
[0717/010314.223:ERROR:process_memory_win.cc(73)] ReadMemory at 0x7ffc52940000 of 64 bytes failed: Запрос ReadProcessMemory или WriteProcessMemory был выполнен только частично. (0x12B)
[0717/010314.223:WARNING:pe_image_reader.cc(340)] could not read dos header from C:\Windows\SYSTEM32\Secur32.dll
[0717/010314.223:ERROR:process_memory_win.cc(73)] ReadMemory at 0x7ffc5cca0000 of 64 bytes failed: Запрос ReadProcessMemory или WriteProcessMemory был выполнен только частично. (0x12B)
[0717/010314.223:WARNING:pe_image_reader.cc(340)] could not read dos header from C:\Windows\SYSTEM32\USERENV.dll
[0717/010314.223:ERROR:process_memory_win.cc(73)] ReadMemory at 0x7ffc5ce50000 of 64 bytes failed: Запрос ReadProcessMemory или WriteProcessMemory был выполнен только частично. (0x12B)
[0717/010314.223:WARNING:pe_image_reader.cc(340)] could not read dos header from C:\Windows\System32\profapi.dll
[0717/010314.223:ERROR:process_memory_win.cc(73)] ReadMemory at 0x7ffc33f60000 of 64 bytes failed: Запрос ReadProcessMemory или WriteProcessMemory был выполнен только частично. (0x12B)
[0717/010314.223:WARNING:pe_image_reader.cc(340)] could not read dos header from C:\Windows\SYSTEM32\UIAutomationCore.DLL
[0717/010314.223:ERROR:process_memory_win.cc(73)] ReadMemory at 0x7ffc52bd0000 of 64 bytes failed: Запрос ReadProcessMemory или WriteProcessMemory был выполнен только частично. (0x12B)
[0717/010314.223:WARNING:pe_image_reader.cc(340)] could not read dos header from C:\Windows\SYSTEM32\DWrite.dll
[0717/010314.223:ERROR:process_memory_win.cc(73)] ReadMemory at 0x7ffc502f0000 of 64 bytes failed: Запрос ReadProcessMemory или WriteProcessMemory был выполнен только частично. (0x12B)
[0717/010314.223:WARNING:pe_image_reader.cc(340)] could not read dos header from C:\Windows\SYSTEM32\WINSPOOL.DRV
[0717/010314.223:ERROR:process_memory_win.cc(73)] ReadMemory at 0x7ffc5ce10000 of 64 bytes failed: Запрос ReadProcessMemory или WriteProcessMemory был выполнен только частично. (0x12B)
[0717/010314.223:WARNING:pe_image_reader.cc(340)] could not read dos header from C:\Windows\System32\kernel.appcore.dll
[0717/010314.223:ERROR:process_memory_win.cc(73)] ReadMemory at 0x7ffc5dec0000 of 64 bytes failed: Запрос ReadProcessMemory или WriteProcessMemory был выполнен только частично. (0x12B)
[0717/010314.223:WARNING:pe_image_reader.cc(340)] could not read dos header from C:\Windows\System32\bcrypt.dll
[0717/010314.223:ERROR:process_memory_win.cc(73)] ReadMemory at 0x7ffc578d0000 of 64 bytes failed: Запрос ReadProcessMemory или WriteProcessMemory был выполнен только частично. (0x12B)
[0717/010314.223:WARNING:pe_image_reader.cc(340)] could not read dos header from C:\Windows\SYSTEM32\dbghelp.dll
[0717/010314.223:ERROR:process_memory_win.cc(73)] ReadMemory at 0x7ffc53a00000 of 64 bytes failed: Запрос ReadProcessMemory или WriteProcessMemory был выполнен только частично. (0x12B)
[0717/010314.223:WARNING:pe_image_reader.cc(340)] could not read dos header from C:\Windows\SYSTEM32\WINHTTP.dll
[0717/010314.223:ERROR:process_memory_win.cc(73)] ReadMemory at 0x7ffc53810000 of 64 bytes failed: Запрос ReadProcessMemory или WriteProcessMemory был выполнен только частично. (0x12B)
[0717/010314.223:WARNING:pe_image_reader.cc(340)] could not read dos header from C:\Windows\SYSTEM32\dhcpcsvc.DLL
[0717/010314.223:ERROR:process_memory_win.cc(73)] ReadMemory at 0x7ffc5f1d0000 of 64 bytes failed: Запрос ReadProcessMemory или WriteProcessMemory был выполнен только частично. (0x12B)
[0717/010314.223:WARNING:pe_image_reader.cc(340)] could not read dos header from C:\Windows\System32\NSI.dll
[0717/010314.223:ERROR:process_memory_win.cc(73)] ReadMemory at 0x7ffc594f0000 of 64 bytes failed: Запрос ReadProcessMemory или WriteProcessMemory был выполнен только частично. (0x12B)
[0717/010314.223:WARNING:pe_image_reader.cc(340)] could not read dos header from C:\Windows\SYSTEM32\PROPSYS.dll
[0717/010314.223:ERROR:process_memory_win.cc(73)] ReadMemory at 0x7ffc5faa0000 of 64 bytes failed: Запрос ReadProcessMemory или WriteProcessMemory был выполнен только частично. (0x12B)
[0717/010314.223:WARNING:pe_image_reader.cc(340)] could not read dos header from C:\Windows\System32\shcore.dll
[0717/010314.223:ERROR:process_memory_win.cc(73)] ReadMemory at 0x7ffc5ccd0000 of 64 bytes failed: Запрос ReadProcessMemory или WriteProcessMemory был выполнен только частично. (0x12B)
[0717/010314.223:WARNING:pe_image_reader.cc(340)] could not read dos header from C:\Windows\SYSTEM32\SSPICLI.DLL
[0717/010314.223:ERROR:process_memory_win.cc(73)] ReadMemory at 0x1feb9470000 of 64 bytes failed: Запрос ReadProcessMemory или WriteProcessMemory был выполнен только частично. (0x12B)
[0717/010314.223:WARNING:pe_image_reader.cc(340)] could not read dos header from C:\Windows\System32\SHELL32.dll
[0717/010314.223:ERROR:process_memory_win.cc(73)] ReadMemory at 0x7ffc5d490000 of 64 bytes failed: Запрос ReadProcessMemory или WriteProcessMemory был выполнен только частично. (0x12B)
[0717/010314.223:WARNING:pe_image_reader.cc(340)] could not read dos header from C:\Windows\System32\windows.storage.dll
[0717/010314.223:ERROR:process_memory_win.cc(73)] ReadMemory at 0x7ffc5cdc0000 of 64 bytes failed: Запрос ReadProcessMemory или WriteProcessMemory был выполнен только частично. (0x12B)
[0717/010314.223:WARNING:pe_image_reader.cc(340)] could not read dos header from C:\Windows\System32\powrprof.dll
[0717/010314.223:ERROR:process_memory_win.cc(73)] ReadMemory at 0x7ffc5cdb0000 of 64 bytes failed: Запрос ReadProcessMemory или WriteProcessMemory был выполнен только частично. (0x12B)
[0717/010314.223:WARNING:pe_image_reader.cc(340)] could not read dos header from C:\Windows\System32\UMPDC.dll
[0717/010314.223:ERROR:process_memory_win.cc(73)] ReadMemory at 0x7ffc5e7c0000 of 64 bytes failed: Запрос ReadProcessMemory или WriteProcessMemory был выполнен только частично. (0x12B)
[0717/010314.223:WARNING:pe_image_reader.cc(340)] could not read dos header from C:\Windows\System32\shlwapi.dll
[0717/010314.223:ERROR:process_memory_win.cc(73)] ReadMemory at 0x7ffc5fb50000 of 64 bytes failed: Запрос ReadProcessMemory или WriteProcessMemory был выполнен только частично. (0x12B)
[0717/010314.223:WARNING:pe_image_reader.cc(340)] could not read dos header from C:\Windows\System32\GDI32.dll
[0717/010314.223:ERROR:process_memory_win.cc(73)] ReadMemory at 0x7ffc5d0c0000 of 64 bytes failed: Запрос ReadProcessMemory или WriteProcessMemory был выполнен только частично. (0x12B)
[0717/010314.223:WARNING:pe_image_reader.cc(340)] could not read dos header from C:\Windows\System32\win32u.dll
[0717/010314.223:ERROR:process_memory_win.cc(73)] ReadMemory at 0x7ffc5cf20000 of 64 bytes failed: Запрос ReadProcessMemory или WriteProcessMemory был выполнен только частично. (0x12B)
[0717/010314.223:WARNING:pe_image_reader.cc(340)] could not read dos header from C:\Windows\System32\gdi32full.dll
[0717/010314.223:ERROR:process_memory_win.cc(73)] ReadMemory at 0x7ffc5f8a0000 of 64 bytes failed: Запрос ReadProcessMemory или WriteProcessMemory был выполнен только частично. (0x12B)
[0717/010314.223:WARNING:pe_image_reader.cc(340)] could not read dos header from C:\Windows\System32\USER32.dll
[0717/010314.223:ERROR:process_memory_win.cc(73)] ReadMemory at 0x7ffc5def0000 of 64 bytes failed: Запрос ReadProcessMemory или WriteProcessMemory был выполнен только частично. (0x12B)
[0717/010314.223:WARNING:pe_image_reader.cc(340)] could not read dos header from C:\Windows\System32\cryptsp.dll
[0717/010314.223:ERROR:process_memory_win.cc(73)] ReadMemory at 0x7ffc5ece0000 of 64 bytes failed: Запрос ReadProcessMemory или WriteProcessMemory был выполнен только частично. (0x12B)
[0717/010314.223:WARNING:pe_image_reader.cc(340)] could not read dos header from C:\Windows\System32\IMM32.DLL
[0717/010314.223:ERROR:process_memory_win.cc(73)] ReadMemory at 0x7ffc5c7f0000 of 64 bytes failed: Запрос ReadProcessMemory или WriteProcessMemory был выполнен только частично. (0x12B)
[0717/010314.223:WARNING:pe_image_reader.cc(340)] could not read dos header from C:\Windows\SYSTEM32\CRYPTBASE.DLL
[0717/010314.223:ERROR:process_memory_win.cc(73)] ReadMemory at 0x7ff6da230000 of 64 bytes failed: Запрос ReadProcessMemory или WriteProcessMemory был выполнен только частично. (0x12B)
[0717/010314.223:WARNING:pe_image_reader.cc(340)] could not read dos header from C:\Program Files (x86)\Google\Chrome\Application\chrome.exe
[0717/010314.223:ERROR:process_memory_win.cc(73)] ReadMemory at 0x7ffc5fee0000 of 64 bytes failed: Запрос ReadProcessMemory или WriteProcessMemory был выполнен только частично. (0x12B)
[0717/010314.223:WARNING:pe_image_reader.cc(340)] could not read dos header from C:\Windows\SYSTEM32\ntdll.dll
[0717/010314.223:ERROR:process_memory_win.cc(73)] ReadMemory at 0x7ffc5df90000 of 64 bytes failed: Запрос ReadProcessMemory или WriteProcessMemory был выполнен только частично. (0x12B)
[0717/010314.223:WARNING:pe_image_reader.cc(340)] could not read dos header from C:\Windows\System32\KERNEL32.DLL
[0717/010314.223:ERROR:process_memory_win.cc(73)] ReadMemory at 0x7ffc5dc10000 of 64 bytes failed: Запрос ReadProcessMemory или WriteProcessMemory был выполнен только частично. (0x12B)
[0717/010314.223:WARNING:pe_image_reader.cc(340)] could not read dos header from C:\Windows\System32\KERNELBASE.dll
[0717/010314.223:ERROR:process_memory_win.cc(73)] ReadMemory at 0x7ffc3e870000 of 64 bytes failed: Запрос ReadProcessMemory или WriteProcessMemory был выполнен только частично. (0x12B)
[0717/010314.223:WARNING:pe_image_reader.cc(340)] could not read dos header from C:\Program Files (x86)\Google\Chrome\Application\83.0.4103.116\chrome_elf.dll
[0717/010314.223:ERROR:process_memory_win.cc(73)] ReadMemory at 0x7ffc58140000 of 64 bytes failed: Запрос ReadProcessMemory или WriteProcessMemory был выполнен только частично. (0x12B)
[0717/010314.223:WARNING:pe_image_reader.cc(340)] could not read dos header from C:\Windows\SYSTEM32\VERSION.dll
[0717/010314.223:ERROR:process_memory_win.cc(73)] ReadMemory at 0x7ffc5f290000 of 64 bytes failed: Запрос ReadProcessMemory или WriteProcessMemory был выполнен только частично. (0x12B)
[0717/010314.223:WARNING:pe_image_reader.cc(340)] could not read dos header from C:\Windows\System32\msvcrt.dll
[0717/010314.223:ERROR:process_memory_win.cc(73)] ReadMemory at 0x7ffc5df10000 of 64 bytes failed: Запрос ReadProcessMemory или WriteProcessMemory был выполнен только частично. (0x12B)
[0717/010314.223:WARNING:pe_image_reader.cc(340)] could not read dos header from C:\Windows\System32\bcryptPrimitives.dll
[0717/010314.223:ERROR:process_memory_win.cc(73)] ReadMemory at 0x7ffc5a8f0000 of 64 bytes failed: Запрос ReadProcessMemory или WriteProcessMemory был выполнен только частично. (0x12B)
[0717/010314.223:WARNING:pe_image_reader.cc(340)] could not read dos header from C:\Windows\SYSTEM32\WINMM.dll
[0717/010314.223:ERROR:process_memory_win.cc(73)] ReadMemory at 0x7ffc5a8c0000 of 64 bytes failed: Запрос ReadProcessMemory или WriteProcessMemory был выполнен только частично. (0x12B)
[0717/010314.223:WARNING:pe_image_reader.cc(340)] could not read dos header from C:\Windows\SYSTEM32\WINMMBASE.dll
[0717/010314.223:ERROR:process_memory_win.cc(73)] ReadMemory at 0x7ffc5d440000 of 64 bytes failed: Запрос ReadProcessMemory или WriteProcessMemory был выполнен только частично. (0x12B)
[0717/010314.223:WARNING:pe_image_reader.cc(340)] could not read dos header from C:\Windows\System32\cfgmgr32.dll
[0717/010314.223:ERROR:process_memory_win.cc(73)] ReadMemory at 0x7ffc5d340000 of 64 bytes failed: Запрос ReadProcessMemory или WriteProcessMemory был выполнен только частично. (0x12B)
[0717/010314.223:WARNING:pe_image_reader.cc(340)] could not read dos header from C:\Windows\System32\ucrtbase.dll
[0717/010314.223:ERROR:process_memory_win.cc(73)] ReadMemory at 0x7ffc5f1e0000 of 64 bytes failed: Запрос ReadProcessMemory или WriteProcessMemory был выполнен только частично. (0x12B)
[0717/010314.223:WARNING:pe_image_reader.cc(340)] could not read dos header from C:\Windows\System32\ADVAPI32.dll
[0717/010314.223:ERROR:process_memory_win.cc(73)] ReadMemory at 0x7ffc5e820000 of 64 bytes failed: Запрос ReadProcessMemory или WriteProcessMemory был выполнен только частично. (0x12B)
[0717/010314.223:WARNING:pe_image_reader.cc(340)] could not read dos header from C:\Windows\System32\sechost.dll
[0717/010314.223:ERROR:process_memory_win.cc(73)] ReadMemory at 0x7ffc5e8c0000 of 64 bytes failed: Запрос ReadProcessMemory или WriteProcessMemory был выполнен только частично. (0x12B)
[0717/010314.223:WARNING:pe_image_reader.cc(340)] could not read dos header from C:\Windows\System32\RPCRT4.dll
[0717/010314.231:ERROR:process_memory_win.cc(73)] ReadMemory at 0x7ffc1a180000 of 64 bytes failed: Запрос ReadProcessMemory или WriteProcessMemory был выполнен только частично. (0x12B)
[0717/010314.231:WARNING:pe_image_reader.cc(340)] could not read dos header from C:\Program Files (x86)\Google\Chrome\Application\83.0.4103.116\chrome.dll
[0717/010314.231:ERROR:process_memory_win.cc(73)] ReadMemory at 0x7ffc5f830000 of 64 bytes failed: Запрос ReadProcessMemory или WriteProcessMemory был выполнен только частично. (0x12B)
[0717/010314.231:WARNING:pe_image_reader.cc(340)] could not read dos header from C:\Windows\System32\WS2_32.dll
[0717/010314.231:ERROR:process_memory_win.cc(73)] ReadMemory at 0x7ffc5eab0000 of 64 bytes failed: Запрос ReadProcessMemory или WriteProcessMemory был выполнен только частично. (0x12B)
[0717/010314.231:WARNING:pe_image_reader.cc(340)] could not read dos header from C:\Windows\System32\OLEAUT32.dll
[0717/010314.231:ERROR:process_memory_win.cc(73)] ReadMemory at 0x7ffc5d2a0000 of 64 bytes failed: Запрос ReadProcessMemory или WriteProcessMemory был выполнен только частично. (0x12B)
[0717/010314.231:WARNING:pe_image_reader.cc(340)] could not read dos header from C:\Windows\System32\msvcp_win.dll
[0717/010314.231:ERROR:process_memory_win.cc(73)] ReadMemory at 0x7ffc5ed80000 of 64 bytes failed: Запрос ReadProcessMemory или WriteProcessMemory был выполнен только частично. (0x12B)
[0717/010314.231:WARNING:pe_image_reader.cc(340)] could not read dos header from C:\Windows\System32\combase.dll
[0717/010314.231:ERROR:process_memory_win.cc(73)] ReadMemory at 0x7ffc5d240000 of 64 bytes failed: Запрос ReadProcessMemory или WriteProcessMemory был выполнен только частично. (0x12B)
[0717/010314.231:WARNING:pe_image_reader.cc(340)] could not read dos header from C:\Windows\System32\WINTRUST.dll
[0717/010314.231:ERROR:process_memory_win.cc(73)] ReadMemory at 0x7ffc5ce30000 of 64 bytes failed: Запрос ReadProcessMemory или WriteProcessMemory был выполнен только частично. (0x12B)
[0717/010314.231:WARNING:pe_image_reader.cc(340)] could not read dos header from C:\Windows\System32\MSASN1.dll
[0717/010314.231:ERROR:process_memory_win.cc(73)] ReadMemory at 0x7ffc5d0f0000 of 64 bytes failed: Запрос ReadProcessMemory или WriteProcessMemory был выполнен только частично. (0x12B)
[0717/010314.231:WARNING:pe_image_reader.cc(340)] could not read dos header from C:\Windows\System32\CRYPT32.dll
[0717/010314.231:ERROR:process_memory_win.cc(73)] ReadMemory at 0x7ffc5c330000 of 64 bytes failed: Запрос ReadProcessMemory или WriteProcessMemory был выполнен только частично. (0x12B)
[0717/010314.231:WARNING:pe_image_reader.cc(340)] could not read dos header from C:\Windows\SYSTEM32\IPHLPAPI.DLL
[0717/010314.231:ERROR:process_memory_win.cc(73)] ReadMemory at 0x7ffc52940000 of 64 bytes failed: Запрос ReadProcessMemory или WriteProcessMemory был выполнен только частично. (0x12B)
[0717/010314.231:WARNING:pe_image_reader.cc(340)] could not read dos header from C:\Windows\SYSTEM32\Secur32.dll
[0717/010314.231:ERROR:process_memory_win.cc(73)] ReadMemory at 0x7ffc5cca0000 of 64 bytes failed: Запрос ReadProcessMemory или WriteProcessMemory был выполнен только частично. (0x12B)
[0717/010314.231:WARNING:pe_image_reader.cc(340)] could not read dos header from C:\Windows\SYSTEM32\USERENV.dll
[0717/010314.231:ERROR:process_memory_win.cc(73)] ReadMemory at 0x7ffc5ce50000 of 64 bytes failed: Запрос ReadProcessMemory или WriteProcessMemory был выполнен только частично. (0x12B)
[0717/010314.231:WARNING:pe_image_reader.cc(340)] could not read dos header from C:\Windows\System32\profapi.dll
[0717/010314.231:ERROR:process_memory_win.cc(73)] ReadMemory at 0x7ffc33f60000 of 64 bytes failed: Запрос ReadProcessMemory или WriteProcessMemory был выполнен только частично. (0x12B)
[0717/010314.231:WARNING:pe_image_reader.cc(340)] could not read dos header from C:\Windows\SYSTEM32\UIAutomationCore.DLL
[0717/010314.231:ERROR:process_memory_win.cc(73)] ReadMemory at 0x7ffc52bd0000 of 64 bytes failed: Запрос ReadProcessMemory или WriteProcessMemory был выполнен только частично. (0x12B)
[0717/010314.231:WARNING:pe_image_reader.cc(340)] could not read dos header from C:\Windows\SYSTEM32\DWrite.dll
[0717/010314.231:ERROR:process_memory_win.cc(73)] ReadMemory at 0x7ffc502f0000 of 64 bytes failed: Запрос ReadProcessMemory или WriteProcessMemory был выполнен только частично. (0x12B)
[0717/010314.231:WARNING:pe_image_reader.cc(340)] could not read dos header from C:\Windows\SYSTEM32\WINSPOOL.DRV
[0717/010314.231:ERROR:process_memory_win.cc(73)] ReadMemory at 0x7ffc5ce10000 of 64 bytes failed: Запрос ReadProcessMemory или WriteProcessMemory был выполнен только частично. (0x12B)
[0717/010314.231:WARNING:pe_image_reader.cc(340)] could not read dos header from C:\Windows\System32\kernel.appcore.dll
[0717/010314.231:ERROR:process_memory_win.cc(73)] ReadMemory at 0x7ffc5dec0000 of 64 bytes failed: Запрос ReadProcessMemory или WriteProcessMemory был выполнен только частично. (0x12B)
[0717/010314.231:WARNING:pe_image_reader.cc(340)] could not read dos header from C:\Windows\System32\bcrypt.dll
[0717/010314.231:ERROR:process_memory_win.cc(73)] ReadMemory at 0x7ffc578d0000 of 64 bytes failed: Запрос ReadProcessMemory или WriteProcessMemory был выполнен только частично. (0x12B)
[0717/010314.231:WARNING:pe_image_reader.cc(340)] could not read dos header from C:\Windows\SYSTEM32\dbghelp.dll
[0717/010314.231:ERROR:process_memory_win.cc(73)] ReadMemory at 0x7ffc53a00000 of 64 bytes failed: Запрос ReadProcessMemory или WriteProcessMemory был выполнен только частично. (0x12B)
[0717/010314.231:WARNING:pe_image_reader.cc(340)] could not read dos header from C:\Windows\SYSTEM32\WINHTTP.dll
[0717/010314.233:ERROR:process_memory_win.cc(73)] ReadMemory at 0x7ffc53810000 of 64 bytes failed: Запрос ReadProcessMemory или WriteProcessMemory был выполнен только частично. (0x12B)
[0717/010314.233:WARNING:pe_image_reader.cc(340)] could not read dos header from C:\Windows\SYSTEM32\dhcpcsvc.DLL
[0717/010314.233:ERROR:process_memory_win.cc(73)] ReadMemory at 0x7ffc5f1d0000 of 64 bytes failed: Запрос ReadProcessMemory или WriteProcessMemory был выполнен только частично. (0x12B)
[0717/010314.233:WARNING:pe_image_reader.cc(340)] could not read dos header from C:\Windows\System32\NSI.dll
[0717/010314.233:ERROR:process_memory_win.cc(73)] ReadMemory at 0x7ffc594f0000 of 64 bytes failed: Запрос ReadProcessMemory или WriteProcessMemory был выполнен только частично. (0x12B)
[0717/010314.233:WARNING:pe_image_reader.cc(340)] could not read dos header from C:\Windows\SYSTEM32\PROPSYS.dll
[0717/010314.233:ERROR:process_memory_win.cc(73)] ReadMemory at 0x7ffc5faa0000 of 64 bytes failed: Запрос ReadProcessMemory или WriteProcessMemory был выполнен только частично. (0x12B)
[0717/010314.233:WARNING:pe_image_reader.cc(340)] could not read dos header from C:\Windows\System32\shcore.dll
[0717/010314.233:ERROR:process_memory_win.cc(73)] ReadMemory at 0x7ffc5ccd0000 of 64 bytes failed: Запрос ReadProcessMemory или WriteProcessMemory был выполнен только частично. (0x12B)
[0717/010314.233:WARNING:pe_image_reader.cc(340)] could not read dos header from C:\Windows\SYSTEM32\SSPICLI.DLL
[0717/010314.233:ERROR:process_memory_win.cc(73)] ReadMemory at 0x1feb9470000 of 64 bytes failed: Запрос ReadProcessMemory или WriteProcessMemory был выполнен только частично. (0x12B)
[0717/010314.233:WARNING:pe_image_reader.cc(340)] could not read dos header from C:\Windows\System32\SHELL32.dll
[0717/010314.233:ERROR:process_memory_win.cc(73)] ReadMemory at 0x7ffc5d490000 of 64 bytes failed: Запрос ReadProcessMemory или WriteProcessMemory был выполнен только частично. (0x12B)
[0717/010314.233:WARNING:pe_image_reader.cc(340)] could not read dos header from C:\Windows\System32\windows.storage.dll
[0717/010314.233:ERROR:process_memory_win.cc(73)] ReadMemory at 0x7ffc5cdc0000 of 64 bytes failed: Запрос ReadProcessMemory или WriteProcessMemory был выполнен только частично. (0x12B)
[0717/010314.233:WARNING:pe_image_reader.cc(340)] could not read dos header from C:\Windows\System32\powrprof.dll
[0717/010314.233:ERROR:process_memory_win.cc(73)] ReadMemory at 0x7ffc5cdb0000 of 64 bytes failed: Запрос ReadProcessMemory или WriteProcessMemory был выполнен только частично. (0x12B)
[0717/010314.233:WARNING:pe_image_reader.cc(340)] could not read dos header from C:\Windows\System32\UMPDC.dll
[0717/010314.233:ERROR:process_memory_win.cc(73)] ReadMemory at 0x7ffc5e7c0000 of 64 bytes failed: Запрос ReadProcessMemory или WriteProcessMemory был выполнен только частично. (0x12B)
[0717/010314.233:WARNING:pe_image_reader.cc(340)] could not read dos header from C:\Windows\System32\shlwapi.dll
[0717/010314.233:ERROR:process_memory_win.cc(73)] ReadMemory at 0x7ffc5fb50000 of 64 bytes failed: Запрос ReadProcessMemory или WriteProcessMemory был выполнен только частично. (0x12B)
[0717/010314.233:WARNING:pe_image_reader.cc(340)] could not read dos header from C:\Windows\System32\GDI32.dll
[0717/010314.233:ERROR:process_memory_win.cc(73)] ReadMemory at 0x7ffc5d0c0000 of 64 bytes failed: Запрос ReadProcessMemory или WriteProcessMemory был выполнен только частично. (0x12B)
[0717/010314.233:WARNING:pe_image_reader.cc(340)] could not read dos header from C:\Windows\System32\win32u.dll
[0717/010314.233:ERROR:process_memory_win.cc(73)] ReadMemory at 0x7ffc5cf20000 of 64 bytes failed: Запрос ReadProcessMemory или WriteProcessMemory был выполнен только частично. (0x12B)
[0717/010314.233:WARNING:pe_image_reader.cc(340)] could not read dos header from C:\Windows\System32\gdi32full.dll
[0717/010314.233:ERROR:process_memory_win.cc(73)] ReadMemory at 0x7ffc5f8a0000 of 64 bytes failed: Запрос ReadProcessMemory или WriteProcessMemory был выполнен только частично. (0x12B)
[0717/010314.233:WARNING:pe_image_reader.cc(340)] could not read dos header from C:\Windows\System32\USER32.dll
[0717/010314.233:ERROR:process_memory_win.cc(73)] ReadMemory at 0x7ffc5def0000 of 64 bytes failed: Запрос ReadProcessMemory или WriteProcessMemory был выполнен только частично. (0x12B)
[0717/010314.233:WARNING:pe_image_reader.cc(340)] could not read dos header from C:\Windows\System32\cryptsp.dll
[0717/010314.233:ERROR:process_memory_win.cc(73)] ReadMemory at 0x7ffc5ece0000 of 64 bytes failed: Запрос ReadProcessMemory или WriteProcessMemory был выполнен только частично. (0x12B)
[0717/010314.233:WARNING:pe_image_reader.cc(340)] could not read dos header from C:\Windows\System32\IMM32.DLL
[0717/010314.233:ERROR:process_memory_win.cc(73)] ReadMemory at 0x7ffc5c7f0000 of 64 bytes failed: Запрос ReadProcessMemory или WriteProcessMemory был выполнен только частично. (0x12B)
[0717/010314.233:WARNING:pe_image_reader.cc(340)] could not read dos header from C:\Windows\SYSTEM32\CRYPTBASE.DLL
[0717/010314.243:ERROR:process_memory_win.cc(73)] ReadMemory at 0x3eddff1000 of 61440 bytes failed: Запрос ReadProcessMemory или WriteProcessMemory был выполнен только частично. (0x12B)
[0717/010314.251:ERROR:process_memory_win.cc(73)] ReadMemory at 0x3ede7fd000 of 12288 bytes failed: Запрос ReadProcessMemory или WriteProcessMemory был выполнен только частично. (0x12B)
[0717/010314.251:ERROR:process_memory_win.cc(73)] ReadMemory at 0x3edeff6000 of 40960 bytes failed: Запрос ReadProcessMemory или WriteProcessMemory был выполнен только частично. (0x12B)
[0717/010314.251:ERROR:process_memory_win.cc(73)] ReadMemory at 0x3edf7fc000 of 16384 bytes failed: Запрос ReadProcessMemory или WriteProcessMemory был выполнен только частично. (0x12B)
[0717/010314.251:ERROR:process_memory_win.cc(73)] ReadMemory at 0x3edfffc000 of 16384 bytes failed: Запрос ReadProcessMemory или WriteProcessMemory был выполнен только частично. (0x12B)
[0717/010314.251:ERROR:process_memory_win.cc(73)] ReadMemory at 0x3ee07fe000 of 8192 bytes failed: Запрос ReadProcessMemory или WriteProcessMemory был выполнен только частично. (0x12B)
[0717/010314.251:ERROR:process_memory_win.cc(73)] ReadMemory at 0x3ee0ffd000 of 12288 bytes failed: Запрос ReadProcessMemory или WriteProcessMemory был выполнен только частично. (0x12B)
[0717/010314.251:ERROR:process_memory_win.cc(73)] ReadMemory at 0x3ee17fb000 of 20480 bytes failed: Запрос ReadProcessMemory или WriteProcessMemory был выполнен только частично. (0x12B)
[0717/010314.251:ERROR:process_memory_win.cc(73)] ReadMemory at 0x3ee1ffd000 of 12288 bytes failed: Запрос ReadProcessMemory или WriteProcessMemory был выполнен только частично. (0x12B)
[0717/010314.251:ERROR:process_memory_win.cc(73)] ReadMemory at 0x3ee27fd000 of 12288 bytes failed: Запрос ReadProcessMemory или WriteProcessMemory был выполнен только частично. (0x12B)
[0717/010314.251:ERROR:process_memory_win.cc(73)] ReadMemory at 0x3ee2ffb000 of 20480 bytes failed: Запрос ReadProcessMemory или WriteProcessMemory был выполнен только частично. (0x12B)
[0717/010314.251:ERROR:process_memory_win.cc(73)] ReadMemory at 0x3ee37fc000 of 16384 bytes failed: Запрос ReadProcessMemory или WriteProcessMemory был выполнен только частично. (0x12B)
[0717/010314.251:ERROR:process_memory_win.cc(73)] ReadMemory at 0x3ee3ffd000 of 12288 bytes failed: Запрос ReadProcessMemory или WriteProcessMemory был выполнен только частично. (0x12B)
[0717/010314.251:ERROR:process_memory_win.cc(73)] ReadMemory at 0x3ee47fc000 of 16384 bytes failed: Запрос ReadProcessMemory или WriteProcessMemory был выполнен только частично. (0x12B)
[0717/010314.253:ERROR:process_memory_win.cc(73)] ReadMemory at 0x3ee4ffd000 of 12288 bytes failed: Запрос ReadProcessMemory или WriteProcessMemory был выполнен только частично. (0x12B)
[0717/010314.253:ERROR:process_memory_win.cc(73)] ReadMemory at 0x3edd755000 of 852 bytes failed: Запрос ReadProcessMemory или WriteProcessMemory был выполнен только частично. (0x12B)
[0717/010314.253:ERROR:process_memory_win.cc(73)] ReadMemory at 0x3edd756000 of 6024 bytes failed: Запрос ReadProcessMemory или WriteProcessMemory был выполнен только частично. (0x12B)
[0717/010314.253:ERROR:process_memory_win.cc(73)] ReadMemory at 0x3edd758000 of 6024 bytes failed: Запрос ReadProcessMemory или WriteProcessMemory был выполнен только частично. (0x12B)
[0717/010314.253:ERROR:process_memory_win.cc(73)] ReadMemory at 0x3edd75a000 of 6024 bytes failed: Запрос ReadProcessMemory или WriteProcessMemory был выполнен только частично. (0x12B)
[0717/010314.253:ERROR:process_memory_win.cc(73)] ReadMemory at 0x3edd75c000 of 6024 bytes failed: Запрос ReadProcessMemory или WriteProcessMemory был выполнен только частично. (0x12B)
[0717/010314.253:ERROR:process_memory_win.cc(73)] ReadMemory at 0x3edd75e000 of 6024 bytes failed: Запрос ReadProcessMemory или WriteProcessMemory был выполнен только частично. (0x12B)
[0717/010314.253:ERROR:process_memory_win.cc(73)] ReadMemory at 0x3edd760000 of 6024 bytes failed: Запрос ReadProcessMemory или WriteProcessMemory был выполнен только частично. (0x12B)
[0717/010314.253:ERROR:process_memory_win.cc(73)] ReadMemory at 0x3edd762000 of 6024 bytes failed: Запрос ReadProcessMemory или WriteProcessMemory был выполнен только частично. (0x12B)
[0717/010314.253:ERROR:process_memory_win.cc(73)] ReadMemory at 0x3edd764000 of 6024 bytes failed: Запрос ReadProcessMemory или WriteProcessMemory был выполнен только частично. (0x12B)
[0717/010314.253:ERROR:process_memory_win.cc(73)] ReadMemory at 0x3edd766000 of 6024 bytes failed: Запрос ReadProcessMemory или WriteProcessMemory был выполнен только частично. (0x12B)
[0717/010314.253:ERROR:process_memory_win.cc(73)] ReadMemory at 0x3edd768000 of 6024 bytes failed: Запрос ReadProcessMemory или WriteProcessMemory был выполнен только частично. (0x12B)
[0717/010314.253:ERROR:process_memory_win.cc(73)] ReadMemory at 0x3edd76a000 of 6024 bytes failed: Запрос ReadProcessMemory или WriteProcessMemory был выполнен только частично. (0x12B)
[0717/010314.253:ERROR:process_memory_win.cc(73)] ReadMemory at 0x3edd76c000 of 6024 bytes failed: Запрос ReadProcessMemory или WriteProcessMemory был выполнен только частично. (0x12B)
[0717/010314.253:ERROR:process_memory_win.cc(73)] ReadMemory at 0x3edd76e000 of 6024 bytes failed: Запрос ReadProcessMemory или WriteProcessMemory был выполнен только частично. (0x12B)
[0717/010314.253:ERROR:process_memory_win.cc(73)] ReadMemory at 0x3edd770000 of 6024 bytes failed: Запрос ReadProcessMemory или WriteProcessMemory был выполнен только частично. (0x12B)
[0717/010314.253:ERROR:process_memory_win.cc(73)] ReadMemory at 0x3edd772000 of 6024 bytes failed: Запрос ReadProcessMemory или WriteProcessMemory был выполнен только частично. (0x12B)
[0717/010314.253:ERROR:process_memory_win.cc(73)] ReadMemory at 0x1feb7950fe0 of 4622 bytes failed: Запрос ReadProcessMemory или WriteProcessMemory был выполнен только частично. (0x12B)
[0717/010314.253:ERROR:process_memory_win.cc(73)] ReadMemory at 0x1feb7952200 of 1012 bytes failed: Запрос ReadProcessMemory или WriteProcessMemory был выполнен только частично. (0x12B)
[0717/010314.253:ERROR:process_memory_win.cc(73)] ReadMemory at 0x1feb7952848 of 152 bytes failed: Запрос ReadProcessMemory или WriteProcessMemory был выполнен только частично. (0x12B)
[0717/010314.253:ERROR:process_memory_win.cc(73)] ReadMemory at 0x1feb79528e2 of 118 bytes failed: Запрос ReadProcessMemory или WriteProcessMemory был выполнен только частично. (0x12B)
[0717/010314.253:ERROR:process_memory_win.cc(73)] ReadMemory at 0x1feb795295a of 1308 bytes failed: Запрос ReadProcessMemory или WriteProcessMemory был выполнен только частично. (0x12B)
[0717/010314.253:ERROR:process_memory_win.cc(73)] ReadMemory at 0x1feb7952e78 of 118 bytes failed: Запрос ReadProcessMemory или WriteProcessMemory был выполнен только частично. (0x12B)
[0717/010314.253:ERROR:process_memory_win.cc(73)] ReadMemory at 0x1feb7952ef0 of 96 bytes failed: Запрос ReadProcessMemory или WriteProcessMemory был выполнен только частично. (0x12B)
[0717/010314.253:ERROR:process_memory_win.cc(73)] ReadMemory at 0x1feb7952f60 of 58 bytes failed: Запрос ReadProcessMemory или WriteProcessMemory был выполнен только частично. (0x12B)
[0717/010314.253:ERROR:process_memory_win.cc(73)] ReadMemory at 0x1feb7953110 of 132 bytes failed: Запрос ReadProcessMemory или WriteProcessMemory был выполнен только частично. (0x12B)
[0717/010314.253:ERROR:process_memory_win.cc(73)] ReadMemory at 0x1feb79532a0 of 132 bytes failed: Запрос ReadProcessMemory или WriteProcessMemory был выполнен только частично. (0x12B)
[0717/010314.253:ERROR:process_memory_win.cc(73)] ReadMemory at 0x1feb7953460 of 126 bytes failed: Запрос ReadProcessMemory или WriteProcessMemory был выполнен только частично. (0x12B)
[0717/010314.253:ERROR:process_memory_win.cc(73)] ReadMemory at 0x1feb7953840 of 132 bytes failed: Запрос ReadProcessMemory или WriteProcessMemory был выполнен только частично. (0x12B)
[0717/010314.253:ERROR:process_memory_win.cc(73)] ReadMemory at 0x1feb79539d0 of 64 bytes failed: Запрос ReadProcessMemory или WriteProcessMemory был выполнен только частично. (0x12B)
[0717/010314.253:ERROR:process_memory_win.cc(73)] ReadMemory at 0x1feb7953a20 of 132 bytes failed: Запрос ReadProcessMemory или WriteProcessMemory был выполнен только частично. (0x12B)
[0717/010314.253:ERROR:process_memory_win.cc(73)] ReadMemory at 0x1feb7953b90 of 132 bytes failed: Запрос ReadProcessMemory или WriteProcessMemory был выполнен только частично. (0x12B)
[0717/010314.253:ERROR:process_memory_win.cc(73)] ReadMemory at 0x1feb7953e30 of 132 bytes failed: Запрос ReadProcessMemory или WriteProcessMemory был выполнен только частично. (0x12B)
[0717/010314.253:ERROR:process_memory_win.cc(73)] ReadMemory at 0x1feb7953fd0 of 68 bytes failed: Запрос ReadProcessMemory или WriteProcessMemory был выполнен только частично. (0x12B)
[0717/010314.253:ERROR:process_memory_win.cc(73)] ReadMemory at 0x1feb79550e0 of 146 bytes failed: Запрос ReadProcessMemory или WriteProcessMemory был выполнен только частично. (0x12B)
[0717/010314.253:ERROR:process_memory_win.cc(73)] ReadMemory at 0x1feb79551c0 of 132 bytes failed: Запрос ReadProcessMemory или WriteProcessMemory был выполнен только частично. (0x12B)
[0717/010314.253:ERROR:process_memory_win.cc(73)] ReadMemory at 0x1feb7955350 of 154 bytes failed: Запрос ReadProcessMemory или WriteProcessMemory был выполнен только частично. (0x12B)
[0717/010314.253:ERROR:process_memory_win.cc(73)] ReadMemory at 0x1feb7956170 of 62 bytes failed: Запрос ReadProcessMemory или WriteProcessMemory был выполнен только частично. (0x12B)
[0717/010314.253:ERROR:process_memory_win.cc(73)] ReadMemory at 0x1feb79562d0 of 132 bytes failed: Запрос ReadProcessMemory или WriteProcessMemory был выполнен только частично. (0x12B)
[0717/010314.253:ERROR:process_memory_win.cc(73)] ReadMemory at 0x1feb7956a20 of 60 bytes failed: Запрос ReadProcessMemory или WriteProcessMemory был выполнен только частично. (0x12B)
[0717/010314.253:ERROR:process_memory_win.cc(73)] ReadMemory at 0x1feb795a9b0 of 132 bytes failed: Запрос ReadProcessMemory или WriteProcessMemory был выполнен только частично. (0x12B)
[0717/010314.253:ERROR:process_memory_win.cc(73)] ReadMemory at 0x1feb795aae0 of 132 bytes failed: Запрос ReadProcessMemory или WriteProcessMemory был выполнен только частично. (0x12B)
[0717/010314.253:ERROR:process_memory_win.cc(73)] ReadMemory at 0x1feb795b320 of 80 bytes failed: Запрос ReadProcessMemory или WriteProcessMemory был выполнен только частично. (0x12B)
[0717/010314.253:ERROR:process_memory_win.cc(73)] ReadMemory at 0x1feb795bba0 of 58 bytes failed: Запрос ReadProcessMemory или WriteProcessMemory был выполнен только частично. (0x12B)
[0717/010314.253:ERROR:process_memory_win.cc(73)] ReadMemory at 0x1feb795bbf0 of 64 bytes failed: Запрос ReadProcessMemory или WriteProcessMemory был выполнен только частично. (0x12B)
[0717/010314.253:ERROR:process_memory_win.cc(73)] ReadMemory at 0x1feb795bc40 of 62 bytes failed: Запрос ReadProcessMemory или WriteProcessMemory был выполнен только частично. (0x12B)
[0717/010314.253:ERROR:process_memory_win.cc(73)] ReadMemory at 0x1feb795bce0 of 60 bytes failed: Запрос ReadProcessMemory или WriteProcessMemory был выполнен только частично. (0x12B)
[0717/010314.253:ERROR:process_memory_win.cc(73)] ReadMemory at 0x1feb795bec0 of 64 bytes failed: Запрос ReadProcessMemory или WriteProcessMemory был выполнен только частично. (0x12B)
[0717/010314.253:ERROR:process_memory_win.cc(73)] ReadMemory at 0x1feb795bf10 of 66 bytes failed: Запрос ReadProcessMemory или WriteProcessMemory был выполнен только частично. (0x12B)
[0717/010314.253:ERROR:process_memory_win.cc(73)] ReadMemory at 0x1feb795c0a0 of 64 bytes failed: Запрос ReadProcessMemory или WriteProcessMemory был выполнен только частично. (0x12B)
[0717/010314.253:ERROR:process_memory_win.cc(73)] ReadMemory at 0x1feb795d0a0 of 54 bytes failed: Запрос ReadProcessMemory или WriteProcessMemory был выполнен только частично. (0x12B)
[0717/010314.253:ERROR:process_memory_win.cc(73)] ReadMemory at 0x1feb795d9a0 of 132 bytes failed: Запрос ReadProcessMemory или WriteProcessMemory был выполнен только частично. (0x12B)
[0717/010314.253:ERROR:process_memory_win.cc(73)] ReadMemory at 0x1feb795e7d0 of 132 bytes failed: Запрос ReadProcessMemory или WriteProcessMemory был выполнен только частично. (0x12B)
[0717/010314.253:ERROR:process_memory_win.cc(73)] ReadMemory at 0x1feb795e900 of 132 bytes failed: Запрос ReadProcessMemory или WriteProcessMemory был выполнен только частично. (0x12B)
[0717/010314.253:ERROR:process_memory_win.cc(73)] ReadMemory at 0x1feb79601c0 of 132 bytes failed: Запрос ReadProcessMemory или WriteProcessMemory был выполнен только частично. (0x12B)
[0717/010314.253:ERROR:process_memory_win.cc(73)] ReadMemory at 0x1feb7962b60 of 132 bytes failed: Запрос ReadProcessMemory или WriteProcessMemory был выполнен только частично. (0x12B)
[0717/010314.253:ERROR:process_memory_win.cc(73)] ReadMemory at 0x1feb7962c90 of 132 bytes failed: Запрос ReadProcessMemory или WriteProcessMemory был выполнен только частично. (0x12B)
[0717/010314.253:ERROR:process_memory_win.cc(73)] ReadMemory at 0x1feb7965fd0 of 62 bytes failed: Запрос ReadProcessMemory или WriteProcessMemory был выполнен только частично. (0x12B)
[0717/010314.253:ERROR:process_memory_win.cc(73)] ReadMemory at 0x1feb7966070 of 64 bytes failed: Запрос ReadProcessMemory или WriteProcessMemory был выполнен только частично. (0x12B)
[0717/010314.253:ERROR:process_memory_win.cc(73)] ReadMemory at 0x1feb79660c0 of 62 bytes failed: Запрос ReadProcessMemory или WriteProcessMemory был выполнен только частично. (0x12B)
[0717/010314.253:ERROR:process_memory_win.cc(73)] ReadMemory at 0x1feb7966160 of 64 bytes failed: Запрос ReadProcessMemory или WriteProcessMemory был выполнен только частично. (0x12B)
[0717/010314.253:ERROR:process_memory_win.cc(73)] ReadMemory at 0x1feb7966250 of 62 bytes failed: Запрос ReadProcessMemory или WriteProcessMemory был выполнен только частично. (0x12B)
[0717/010314.253:ERROR:process_memory_win.cc(73)] ReadMemory at 0x1feb79662f0 of 62 bytes failed: Запрос ReadProcessMemory или WriteProcessMemory был выполнен только частично. (0x12B)
[0717/010314.253:ERROR:process_memory_win.cc(73)] ReadMemory at 0x1feb7966340 of 62 bytes failed: Запрос ReadProcessMemory или WriteProcessMemory был выполнен только частично. (0x12B)
[0717/010314.253:ERROR:process_memory_win.cc(73)] ReadMemory at 0x1feb7966390 of 62 bytes failed: Запрос ReadProcessMemory или WriteProcessMemory был выполнен только частично. (0x12B)
[0717/010314.253:ERROR:process_memory_win.cc(73)] ReadMemory at 0x1feb79663e0 of 64 bytes failed: Запрос ReadProcessMemory или WriteProcessMemory был выполнен только частично. (0x12B)
[0717/010314.253:ERROR:process_memory_win.cc(73)] ReadMemory at 0x1feb7966430 of 64 bytes failed: Запрос ReadProcessMemory или WriteProcessMemory был выполнен только частично. (0x12B)
[0717/010314.253:ERROR:process_memory_win.cc(73)] ReadMemory at 0x1feb7966480 of 60 bytes failed: Запрос ReadProcessMemory или WriteProcessMemory был выполнен только частично. (0x12B)
[0717/010314.253:ERROR:process_memory_win.cc(73)] ReadMemory at 0x1feb7966570 of 60 bytes failed: Запрос ReadProcessMemory или WriteProcessMemory был выполнен только частично. (0x12B)
[0717/010314.253:ERROR:process_memory_win.cc(73)] ReadMemory at 0x1feb7966610 of 62 bytes failed: Запрос ReadProcessMemory или WriteProcessMemory был выполнен только частично. (0x12B)
[0717/010314.253:ERROR:process_memory_win.cc(73)] ReadMemory at 0x1feb79666b0 of 62 bytes failed: Запрос ReadProcessMemory или WriteProcessMemory был выполнен только частично. (0x12B)
[0717/010314.253:ERROR:process_memory_win.cc(73)] ReadMemory at 0x1feb7966700 of 66 bytes failed: Запрос ReadProcessMemory или WriteProcessMemory был выполнен только частично. (0x12B)
[0717/010314.253:ERROR:process_memory_win.cc(73)] ReadMemory at 0x1feb7966750 of 64 bytes failed: Запрос ReadProcessMemory или WriteProcessMemory был выполнен только частично. (0x12B)
[0717/010314.253:ERROR:process_memory_win.cc(73)] ReadMemory at 0x1feb79667a0 of 62 bytes failed: Запрос ReadProcessMemory или WriteProcessMemory был выполнен только частично. (0x12B)
[0717/010314.253:ERROR:process_memory_win.cc(73)] ReadMemory at 0x1feb7966980 of 62 bytes failed: Запрос ReadProcessMemory или WriteProcessMemory был выполнен только частично. (0x12B)
[0717/010314.253:ERROR:process_memory_win.cc(73)] ReadMemory at 0x1feb7966a70 of 60 bytes failed: Запрос ReadProcessMemory или WriteProcessMemory был выполнен только частично. (0x12B)
[0717/010314.253:ERROR:process_memory_win.cc(73)] ReadMemory at 0x1feb7966bb0 of 60 bytes failed: Запрос ReadProcessMemory или WriteProcessMemory был выполнен только частично. (0x12B)
[0717/010314.253:ERROR:process_memory_win.cc(73)] ReadMemory at 0x1feb7966d40 of 64 bytes failed: Запрос ReadProcessMemory или WriteProcessMemory был выполнен только частично. (0x12B)
[0717/010314.253:ERROR:process_memory_win.cc(73)] ReadMemory at 0x1feb7966d90 of 60 bytes failed: Запрос ReadProcessMemory или WriteProcessMemory был выполнен только частично. (0x12B)
[0717/010314.253:ERROR:process_memory_win.cc(73)] ReadMemory at 0x1feb7966e50 of 76 bytes failed: Запрос ReadProcessMemory или WriteProcessMemory был выполнен только частично. (0x12B)
[0717/010314.253:ERROR:process_memory_win.cc(73)] ReadMemory at 0x1feb7966f70 of 78 bytes failed: Запрос ReadProcessMemory или WriteProcessMemory был выполнен только частично. (0x12B)
[0717/010314.253:ERROR:process_memory_win.cc(73)] ReadMemory at 0x1feb7967d50 of 80 bytes failed: Запрос ReadProcessMemory или WriteProcessMemory был выполнен только частично. (0x12B)
[0717/010314.253:ERROR:process_memory_win.cc(73)] ReadMemory at 0x1feb7967e10 of 132 bytes failed: Запрос ReadProcessMemory или WriteProcessMemory был выполнен только частично. (0x12B)
[0717/010314.253:ERROR:process_memory_win.cc(73)] ReadMemory at 0x1feb7967f90 of 132 bytes failed: Запрос ReadProcessMemory или WriteProcessMemory был выполнен только частично. (0x12B)
[0717/010314.253:ERROR:process_memory_win.cc(73)] ReadMemory at 0x1feb79680c0 of 132 bytes failed: Запрос ReadProcessMemory или WriteProcessMemory был выполнен только частично. (0x12B)
[0717/010314.261:ERROR:process_memory_win.cc(73)] ReadMemory at 0x1feb79681f0 of 132 bytes failed: Запрос ReadProcessMemory или WriteProcessMemory был выполнен только частично. (0x12B)
[0717/010314.261:ERROR:process_memory_win.cc(73)] ReadMemory at 0x1feb7968320 of 132 bytes failed: Запрос ReadProcessMemory или WriteProcessMemory был выполнен только частично. (0x12B)
[0717/010314.261:ERROR:process_memory_win.cc(73)] ReadMemory at 0x1feb7968450 of 132 bytes failed: Запрос ReadProcessMemory или WriteProcessMemory был выполнен только частично. (0x12B)
[0717/010314.261:ERROR:process_memory_win.cc(73)] ReadMemory at 0x1feb7968580 of 132 bytes failed: Запрос ReadProcessMemory или WriteProcessMemory был выполнен только частично. (0x12B)
[0717/010314.261:ERROR:process_memory_win.cc(73)] ReadMemory at 0x1feb79686b0 of 132 bytes failed: Запрос ReadProcessMemory или WriteProcessMemory был выполнен только частично. (0x12B)
[0717/010314.261:ERROR:process_memory_win.cc(73)] ReadMemory at 0x1feb79687e0 of 132 bytes failed: Запрос ReadProcessMemory или WriteProcessMemory был выполнен только частично. (0x12B)
[0717/010314.261:ERROR:process_memory_win.cc(73)] ReadMemory at 0x1feb7968910 of 132 bytes failed: Запрос ReadProcessMemory или WriteProcessMemory был выполнен только частично. (0x12B)
[0717/010314.261:ERROR:process_memory_win.cc(73)] ReadMemory at 0x1feb7968a40 of 132 bytes failed: Запрос ReadProcessMemory или WriteProcessMemory был выполнен только частично. (0x12B)
[0717/010314.261:ERROR:process_memory_win.cc(73)] ReadMemory at 0x1feb7968b70 of 132 bytes failed: Запрос ReadProcessMemory или WriteProcessMemory был выполнен только частично. (0x12B)
[0717/010314.261:ERROR:process_memory_win.cc(73)] ReadMemory at 0x1feb7968ca0 of 132 bytes failed: Запрос ReadProcessMemory или WriteProcessMemory был выполнен только частично. (0x12B)
[0717/010314.261:ERROR:process_memory_win.cc(73)] ReadMemory at 0x1feb79699e0 of 132 bytes failed: Запрос ReadProcessMemory или WriteProcessMemory был выполнен только частично. (0x12B)
[0717/010314.261:ERROR:process_memory_win.cc(73)] ReadMemory at 0x1feb7969c40 of 132 bytes failed: Запрос ReadProcessMemory или WriteProcessMemory был выполнен только частично. (0x12B)
[0717/010314.261:ERROR:process_memory_win.cc(73)] ReadMemory at 0x1feb7969ea0 of 132 bytes failed: Запрос ReadProcessMemory или WriteProcessMemory был выполнен только частично. (0x12B)
[0717/010314.261:ERROR:process_memory_win.cc(73)] ReadMemory at 0x1feb7969fd0 of 132 bytes failed: Запрос ReadProcessMemory или WriteProcessMemory был выполнен только частично. (0x12B)
[0717/010314.261:ERROR:process_memory_win.cc(73)] ReadMemory at 0x1feb796a100 of 132 bytes failed: Запрос ReadProcessMemory или WriteProcessMemory был выполнен только частично. (0x12B)
[0717/010314.261:ERROR:process_memory_win.cc(73)] ReadMemory at 0x1feb796a230 of 132 bytes failed: Запрос ReadProcessMemory или WriteProcessMemory был выполнен только частично. (0x12B)
[0717/010314.261:ERROR:process_memory_win.cc(73)] ReadMemory at 0x1feb796a360 of 132 bytes failed: Запрос ReadProcessMemory или WriteProcessMemory был выполнен только частично. (0x12B)
[0717/010314.261:ERROR:process_memory_win.cc(73)] ReadMemory at 0x1feb796a490 of 132 bytes failed: Запрос ReadProcessMemory или WriteProcessMemory был выполнен только частично. (0x12B)
[0717/010314.261:ERROR:process_memory_win.cc(73)] ReadMemory at 0x1feb796a5c0 of 132 bytes failed: Запрос ReadProcessMemory или WriteProcessMemory был выполнен только частично. (0x12B)
[0717/010314.261:ERROR:process_memory_win.cc(73)] ReadMemory at 0x1feb796a6f0 of 132 bytes failed: Запрос ReadProcessMemory или WriteProcessMemory был выполнен только частично. (0x12B)
[0717/010314.263:ERROR:process_memory_win.cc(73)] ReadMemory at 0x1feb796a820 of 132 bytes failed: Запрос ReadProcessMemory или WriteProcessMemory был выполнен только частично. (0x12B)
[0717/010314.263:ERROR:process_memory_win.cc(73)] ReadMemory at 0x1feb796a950 of 132 bytes failed: Запрос ReadProcessMemory или WriteProcessMemory был выполнен только частично. (0x12B)
[0717/010314.263:ERROR:process_memory_win.cc(73)] ReadMemory at 0x1feb796aa80 of 132 bytes failed: Запрос ReadProcessMemory или WriteProcessMemory был выполнен только частично. (0x12B)
[0717/010314.263:ERROR:process_memory_win.cc(73)] ReadMemory at 0x1feb796abb0 of 132 bytes failed: Запрос ReadProcessMemory или WriteProcessMemory был выполнен только частично. (0x12B)
[0717/010314.263:ERROR:process_memory_win.cc(73)] ReadMemory at 0x1feb796ace0 of 132 bytes failed: Запрос ReadProcessMemory или WriteProcessMemory был выполнен только частично. (0x12B)
[0717/010314.263:ERROR:process_memory_win.cc(73)] ReadMemory at 0x1feb796ae10 of 132 bytes failed: Запрос ReadProcessMemory или WriteProcessMemory был выполнен только частично. (0x12B)
[0717/010314.263:ERROR:process_memory_win.cc(73)] ReadMemory at 0x1feb796af40 of 132 bytes failed: Запрос ReadProcessMemory или WriteProcessMemory был выполнен только частично. (0x12B)
[0717/010314.263:ERROR:process_memory_win.cc(73)] ReadMemory at 0x1feb796b070 of 132 bytes failed: Запрос ReadProcessMemory или WriteProcessMemory был выполнен только частично. (0x12B)
[0717/010314.263:ERROR:process_memory_win.cc(73)] ReadMemory at 0x1feb796b1a0 of 132 bytes failed: Запрос ReadProcessMemory или WriteProcessMemory был выполнен только частично. (0x12B)
[0717/010314.263:ERROR:process_memory_win.cc(73)] ReadMemory at 0x1feb796b2d0 of 132 bytes failed: Запрос ReadProcessMemory или WriteProcessMemory был выполнен только частично. (0x12B)
[0717/010314.263:ERROR:process_memory_win.cc(73)] ReadMemory at 0x1feb796b660 of 132 bytes failed: Запрос ReadProcessMemory или WriteProcessMemory был выполнен только частично. (0x12B)
[0717/010314.263:ERROR:process_memory_win.cc(73)] ReadMemory at 0x1feb796c4c0 of 62 bytes failed: Запрос ReadProcessMemory или WriteProcessMemory был выполнен только частично. (0x12B)
[0717/010314.263:ERROR:process_memory_win.cc(73)] ReadMemory at 0x1feb796ca60 of 60 bytes failed: Запрос ReadProcessMemory или WriteProcessMemory был выполнен только частично. (0x12B)
[0717/010314.263:ERROR:process_memory_win.cc(73)] ReadMemory at 0x1feb796cb00 of 58 bytes failed: Запрос ReadProcessMemory или WriteProcessMemory был выполнен только частично. (0x12B)
[0717/010314.263:ERROR:process_memory_win.cc(73)] ReadMemory at 0x1feb796cb50 of 58 bytes failed: Запрос ReadProcessMemory или WriteProcessMemory был выполнен только частично. (0x12B)
[0717/010314.263:ERROR:process_memory_win.cc(73)] ReadMemory at 0x1feb796cdd0 of 58 bytes failed: Запрос ReadProcessMemory или WriteProcessMemory был выполнен только частично. (0x12B)
[0717/010314.263:ERROR:process_memory_win.cc(73)] ReadMemory at 0x1feb796ce20 of 66 bytes failed: Запрос ReadProcessMemory или WriteProcessMemory был выполнен только частично. (0x12B)
[0717/010314.263:ERROR:process_memory_win.cc(73)] ReadMemory at 0x1feb796cec0 of 60 bytes failed: Запрос ReadProcessMemory или WriteProcessMemory был выполнен только частично. (0x12B)
[0717/010314.263:ERROR:process_memory_win.cc(73)] ReadMemory at 0x1feb796d0f0 of 62 bytes failed: Запрос ReadProcessMemory или WriteProcessMemory был выполнен только частично. (0x12B)
[0717/010314.263:ERROR:process_memory_win.cc(73)] ReadMemory at 0x1feb7985600 of 512 bytes failed: Запрос ReadProcessMemory или WriteProcessMemory был выполнен только частично. (0x12B)
[0717/010314.263:ERROR:process_memory_win.cc(73)] ReadMemory at 0x1feb79864c0 of 512 bytes failed: Запрос ReadProcessMemory или WriteProcessMemory был выполнен только частично. (0x12B)
[0717/010314.263:ERROR:process_memory_win.cc(73)] ReadMemory at 0x1feb7aa0d00 of 512 bytes failed: Запрос ReadProcessMemory или WriteProcessMemory был выполнен только частично. (0x12B)
[0717/010314.263:ERROR:process_memory_win.cc(73)] ReadMemory at 0x1feb7f10000 of 384 bytes failed: Запрос ReadProcessMemory или WriteProcessMemory был выполнен только частично. (0x12B)
[0717/010314.263:ERROR:process_memory_win.cc(73)] ReadMemory at 0x1feb7f4fb60 of 512 bytes failed: Запрос ReadProcessMemory или WriteProcessMemory был выполнен только частично. (0x12B)
[0717/010314.263:ERROR:process_memory_win.cc(73)] ReadMemory at 0x1feb7f513c0 of 512 bytes failed: Запрос ReadProcessMemory или WriteProcessMemory был выполнен только частично. (0x12B)
[0717/010314.263:ERROR:process_memory_win.cc(73)] ReadMemory at 0x1feb7f58d90 of 512 bytes failed: Запрос ReadProcessMemory или WriteProcessMemory был выполнен только частично. (0x12B)
[0717/010314.263:ERROR:process_memory_win.cc(73)] ReadMemory at 0x1feb7f6ad00 of 712 bytes failed: Запрос ReadProcessMemory или WriteProcessMemory был выполнен только частично. (0x12B)
[0717/010314.263:ERROR:process_memory_win.cc(73)] ReadMemory at 0x1feb7f6ce30 of 512 bytes failed: Запрос ReadProcessMemory или WriteProcessMemory был выполнен только частично. (0x12B)
[0717/010314.263:ERROR:process_memory_win.cc(73)] ReadMemory at 0x1feb7f957c0 of 512 bytes failed: Запрос ReadProcessMemory или WriteProcessMemory был выполнен только частично. (0x12B)
[0717/010314.263:ERROR:process_memory_win.cc(73)] ReadMemory at 0x1feb8010000 of 384 bytes failed: Запрос ReadProcessMemory или WriteProcessMemory был выполнен только частично. (0x12B)
[0717/010314.263:ERROR:process_memory_win.cc(73)] ReadMemory at 0x1feb9e60000 of 384 bytes failed: Запрос ReadProcessMemory или WriteProcessMemory был выполнен только частично. (0x12B)
[0717/010314.263:ERROR:process_memory_win.cc(73)] ReadMemory at 0x1feb9f22ac0 of 512 bytes failed: Запрос ReadProcessMemory или WriteProcessMemory был выполнен только частично. (0x12B)
[0717/010314.263:ERROR:process_memory_win.cc(73)] ReadMemory at 0x1feb9f86bf8 of 512 bytes failed: Запрос ReadProcessMemory или WriteProcessMemory был выполнен только частично. (0x12B)
[0717/010314.263:ERROR:process_memory_win.cc(73)] ReadMemory at 0x1feba374010 of 520 bytes failed: Запрос ReadProcessMemory или WriteProcessMemory был выполнен только частично. (0x12B)
[0717/010314.263:ERROR:process_memory_win.cc(73)] ReadMemory at 0x1feba570330 of 512 bytes failed: Запрос ReadProcessMemory или WriteProcessMemory был выполнен только частично. (0x12B)
[0717/010314.263:ERROR:process_memory_win.cc(73)] ReadMemory at 0x1febacbf548 of 512 bytes failed: Запрос ReadProcessMemory или WriteProcessMemory был выполнен только частично. (0x12B)
[0717/010314.263:ERROR:process_memory_win.cc(73)] ReadMemory at 0x4259b068f6b8 of 512 bytes failed: Запрос ReadProcessMemory или WriteProcessMemory был выполнен только частично. (0x12B)
[0717/010314.263:ERROR:process_memory_win.cc(73)] ReadMemory at 0x77fb0858fbe8 of 512 bytes failed: Запрос ReadProcessMemory или WriteProcessMemory был выполнен только частично. (0x12B)
[0717/010314.263:ERROR:process_memory_win.cc(73)] ReadMemory at 0x77fb085ebf64 of 512 bytes failed: Запрос ReadProcessMemory или WriteProcessMemory был выполнен только частично. (0x12B)
[0717/010314.263:ERROR:process_memory_win.cc(73)] ReadMemory at 0x77fb08c280a4 of 512 bytes failed: Запрос ReadProcessMemory или WriteProcessMemory был выполнен только частично. (0x12B)
[0717/010314.263:ERROR:process_memory_win.cc(73)] ReadMemory at 0x7ffc1a282ba5 of 512 bytes failed: Запрос ReadProcessMemory или WriteProcessMemory был выполнен только частично. (0x12B)
[0717/010314.263:ERROR:process_memory_win.cc(73)] ReadMemory at 0x7ffc1c908cfc of 512 bytes failed: Запрос ReadProcessMemory или WriteProcessMemory был выполнен только частично. (0x12B)
[0717/010314.263:ERROR:process_memory_win.cc(73)] ReadMemory at 0x7ffc5dc4a7b9 of 512 bytes failed: Запрос ReadProcessMemory или WriteProcessMemory был выполнен только частично. (0x12B)
[0717/010314.263:ERROR:process_memory_win.cc(73)] ReadMemory at 0x7ffc5de7b710 of 512 bytes failed: Запрос ReadProcessMemory или WriteProcessMemory был выполнен только частично. (0x12B)
[0717/010314.263:ERROR:process_memory_win.cc(73)] ReadMemory at 0x7ffc5ff7c064 of 672 bytes failed: Запрос ReadProcessMemory или WriteProcessMemory был выполнен только частично. (0x12B)
[0717/010314.263:ERROR:process_memory_win.cc(73)] ReadMemory at 0x7ffc5ff7c664 of 512 bytes failed: Запрос ReadProcessMemory или WriteProcessMemory был выполнен только частично. (0x12B)
[0717/010314.263:ERROR:process_memory_win.cc(73)] ReadMemory at 0x7ffc5ff7f914 of 608 bytes failed: Запрос ReadProcessMemory или WriteProcessMemory был выполнен только частично. (0x12B)
[0717/010314.263:ERROR:process_memory_win.cc(73)] ReadMemory at 0x7ffc6000c418 of 18 bytes failed: Запрос ReadProcessMemory или WriteProcessMemory был выполнен только частично. (0x12B)
[0717/010314.263:ERROR:process_memory_win.cc(73)] ReadMemory at 0x7ffc6003f4f8 of 40 bytes failed: Запрос ReadProcessMemory или WriteProcessMemory был выполнен только частично. (0x12B)
[0717/010314.263:ERROR:process_memory_win.cc(73)] ReadMemory at 0x7ffc6003f978 of 48 bytes failed: Запрос ReadProcessMemory или WriteProcessMemory был выполнен только частично. (0x12B)
[0717/010314.263:ERROR:process_memory_win.cc(73)] ReadMemory at 0x7ffc600453c0 of 64 bytes failed: Запрос ReadProcessMemory или WriteProcessMemory был выполнен только частично. (0x12B)
[0717/010314.271:ERROR:file_io_win.cc(161)] CreateFile C:\Users\BigBoss\AppData\Local\Temp\scoped_dir7788_1531023124\Crashpad\settings.dat: Не удается найти указанный файл. (0x2)
[0717/010314.263:ERROR:scoped_process_suspend.cc(40)] NtResumeProcess: Попытка доступа к процессу, выполняющему процедуру завершения. (0xc000010a)
